[2025-01-05T21:36:50.049+0000] {local_task_job_runner.py:120} INFO - ::group::Pre task execution logs
[2025-01-05T21:36:50.061+0000] {taskinstance.py:2076} INFO - Dependencies all met for dep_context=non-requeueable deps ti=<TaskInstance: raw_banking_tinkoff.file_processing manual__2025-01-05T21:36:48.488000+00:00 [queued]>
[2025-01-05T21:36:50.064+0000] {taskinstance.py:2076} INFO - Dependencies all met for dep_context=requeueable deps ti=<TaskInstance: raw_banking_tinkoff.file_processing manual__2025-01-05T21:36:48.488000+00:00 [queued]>
[2025-01-05T21:36:50.064+0000] {taskinstance.py:2306} INFO - Starting attempt 1 of 1
[2025-01-05T21:36:50.069+0000] {taskinstance.py:2330} INFO - Executing <Task(PythonOperator): file_processing> on 2025-01-05 21:36:48.488000+00:00
[2025-01-05T21:36:50.072+0000] {standard_task_runner.py:90} INFO - Running: ['airflow', 'tasks', 'run', 'raw_banking_tinkoff', 'file_processing', 'manual__2025-01-05T21:36:48.488000+00:00', '--job-id', '91', '--raw', '--subdir', 'DAGS_FOLDER/raw_banking_tinkoff.py', '--cfg-path', '/tmp/tmpaohaonxf']
[2025-01-05T21:36:50.073+0000] {standard_task_runner.py:91} INFO - Job 91: Subtask file_processing
[2025-01-05T21:36:50.073+0000] {logging_mixin.py:188} WARNING - /home/airflow/.local/lib/python3.12/site-packages/airflow/task/task_runner/standard_task_runner.py:61 DeprecationWarning: This process (pid=569) is multi-threaded, use of fork() may lead to deadlocks in the child.
[2025-01-05T21:36:50.074+0000] {standard_task_runner.py:63} INFO - Started process 571 to run task
[2025-01-05T21:36:50.092+0000] {task_command.py:426} INFO - Running <TaskInstance: raw_banking_tinkoff.file_processing manual__2025-01-05T21:36:48.488000+00:00 [running]> on host 6d9883a799ac
[2025-01-05T21:36:50.123+0000] {taskinstance.py:2648} INFO - Exporting env vars: AIRFLOW_CTX_DAG_OWNER='nmashtakov' AIRFLOW_CTX_DAG_ID='raw_banking_tinkoff' AIRFLOW_CTX_TASK_ID='file_processing' AIRFLOW_CTX_EXECUTION_DATE='2025-01-05T21:36:48.488000+00:00' AIRFLOW_CTX_TRY_NUMBER='1' AIRFLOW_CTX_DAG_RUN_ID='manual__2025-01-05T21:36:48.488000+00:00'
[2025-01-05T21:36:50.124+0000] {taskinstance.py:430} INFO - ::endgroup::
[2025-01-05T21:36:50.230+0000] {logging_mixin.py:188} INFO -           operation_date payment_date  ... invest_round amount_round
0    2024-12-31 17:39:21   2024-12-31  ...         0.00       5326.0
1    2024-12-31 17:38:42   2024-12-31  ...         0.00       5307.0
2    2024-12-31 17:37:14   2024-12-31  ...         0.00        427.0
3    2024-12-31 17:28:45   2024-12-31  ...        99.00       2300.0
4    2024-12-30 20:43:40   2024-12-30  ...         0.00        389.0
..                   ...          ...  ...          ...          ...
104  2024-12-01 19:43:31   2024-12-01  ...         0.00      12400.0
105  2024-12-01 12:09:00   2024-12-01  ...        30.00        600.0
106  2024-12-01 12:03:44   2024-12-01  ...        85.08       1400.0
107  2024-12-01 11:44:41   2024-12-01  ...         0.00        270.0
108  2024-12-01 11:44:26   2024-12-01  ...         0.00       1300.0

[109 rows x 15 columns]
[2025-01-05T21:36:50.241+0000] {python.py:237} INFO - Done. Returned value was:           operation_date payment_date  ... invest_round amount_round
0    2024-12-31 17:39:21   2024-12-31  ...         0.00       5326.0
1    2024-12-31 17:38:42   2024-12-31  ...         0.00       5307.0
2    2024-12-31 17:37:14   2024-12-31  ...         0.00        427.0
3    2024-12-31 17:28:45   2024-12-31  ...        99.00       2300.0
4    2024-12-30 20:43:40   2024-12-30  ...         0.00        389.0
..                   ...          ...  ...          ...          ...
104  2024-12-01 19:43:31   2024-12-01  ...         0.00      12400.0
105  2024-12-01 12:09:00   2024-12-01  ...        30.00        600.0
106  2024-12-01 12:03:44   2024-12-01  ...        85.08       1400.0
107  2024-12-01 11:44:41   2024-12-01  ...         0.00        270.0
108  2024-12-01 11:44:26   2024-12-01  ...         0.00       1300.0

[109 rows x 15 columns]
[2025-01-05T21:36:50.247+0000] {taskinstance.py:441} INFO - ::group::Post task execution logs
[2025-01-05T21:36:50.268+0000] {taskinstance.py:1206} INFO - Marking task as SUCCESS. dag_id=raw_banking_tinkoff, task_id=file_processing, run_id=manual__2025-01-05T21:36:48.488000+00:00, execution_date=20250105T213648, start_date=20250105T213650, end_date=20250105T213650
[2025-01-05T21:36:50.304+0000] {local_task_job_runner.py:240} INFO - Task exited with return code 0
[2025-01-05T21:36:50.314+0000] {taskinstance.py:3503} INFO - 1 downstream tasks scheduled from follow-on schedule check
[2025-01-05T21:36:50.315+0000] {local_task_job_runner.py:222} INFO - ::endgroup::
