[2025-01-05T21:34:55.610+0000] {local_task_job_runner.py:120} INFO - ::group::Pre task execution logs
[2025-01-05T21:34:55.623+0000] {taskinstance.py:2076} INFO - Dependencies all met for dep_context=non-requeueable deps ti=<TaskInstance: raw_banking_tinkoff.file_processing manual__2025-01-05T21:34:53.669110+00:00 [queued]>
[2025-01-05T21:34:55.626+0000] {taskinstance.py:2076} INFO - Dependencies all met for dep_context=requeueable deps ti=<TaskInstance: raw_banking_tinkoff.file_processing manual__2025-01-05T21:34:53.669110+00:00 [queued]>
[2025-01-05T21:34:55.627+0000] {taskinstance.py:2306} INFO - Starting attempt 1 of 2
[2025-01-05T21:34:55.632+0000] {taskinstance.py:2330} INFO - Executing <Task(PythonOperator): file_processing> on 2025-01-05 21:34:53.669110+00:00
[2025-01-05T21:34:55.636+0000] {standard_task_runner.py:90} INFO - Running: ['airflow', 'tasks', 'run', 'raw_banking_tinkoff', 'file_processing', 'manual__2025-01-05T21:34:53.669110+00:00', '--job-id', '87', '--raw', '--subdir', 'DAGS_FOLDER/raw_banking_tinkoff.py', '--cfg-path', '/tmp/tmp7lz4unl4']
[2025-01-05T21:34:55.637+0000] {standard_task_runner.py:91} INFO - Job 87: Subtask file_processing
[2025-01-05T21:34:55.637+0000] {logging_mixin.py:188} WARNING - /home/airflow/.local/lib/python3.12/site-packages/airflow/task/task_runner/standard_task_runner.py:61 DeprecationWarning: This process (pid=512) is multi-threaded, use of fork() may lead to deadlocks in the child.
[2025-01-05T21:34:55.638+0000] {standard_task_runner.py:63} INFO - Started process 514 to run task
[2025-01-05T21:34:55.658+0000] {task_command.py:426} INFO - Running <TaskInstance: raw_banking_tinkoff.file_processing manual__2025-01-05T21:34:53.669110+00:00 [running]> on host 6d9883a799ac
[2025-01-05T21:34:55.693+0000] {taskinstance.py:2648} INFO - Exporting env vars: AIRFLOW_CTX_DAG_OWNER='nmashtakov' AIRFLOW_CTX_DAG_ID='raw_banking_tinkoff' AIRFLOW_CTX_TASK_ID='file_processing' AIRFLOW_CTX_EXECUTION_DATE='2025-01-05T21:34:53.669110+00:00' AIRFLOW_CTX_TRY_NUMBER='1' AIRFLOW_CTX_DAG_RUN_ID='manual__2025-01-05T21:34:53.669110+00:00'
[2025-01-05T21:34:55.693+0000] {taskinstance.py:430} INFO - ::endgroup::
[2025-01-05T21:34:55.801+0000] {logging_mixin.py:188} INFO -           operation_date payment_date  ... invest_round amount_round
0    2024-12-31 17:39:21   31.12.2024  ...         0.00       5326.0
1    2024-12-31 17:38:42   31.12.2024  ...         0.00       5307.0
2    2024-12-31 17:37:14   31.12.2024  ...         0.00        427.0
3    2024-12-31 17:28:45   31.12.2024  ...        99.00       2300.0
4    2024-12-30 20:43:40   30.12.2024  ...         0.00        389.0
..                   ...          ...  ...          ...          ...
104  2024-12-01 19:43:31   01.12.2024  ...         0.00      12400.0
105  2024-12-01 12:09:00   01.12.2024  ...        30.00        600.0
106  2024-12-01 12:03:44   01.12.2024  ...        85.08       1400.0
107  2024-12-01 11:44:41   01.12.2024  ...         0.00        270.0
108  2024-12-01 11:44:26   01.12.2024  ...         0.00       1300.0

[109 rows x 15 columns]
[2025-01-05T21:34:55.811+0000] {python.py:237} INFO - Done. Returned value was:           operation_date payment_date  ... invest_round amount_round
0    2024-12-31 17:39:21   31.12.2024  ...         0.00       5326.0
1    2024-12-31 17:38:42   31.12.2024  ...         0.00       5307.0
2    2024-12-31 17:37:14   31.12.2024  ...         0.00        427.0
3    2024-12-31 17:28:45   31.12.2024  ...        99.00       2300.0
4    2024-12-30 20:43:40   30.12.2024  ...         0.00        389.0
..                   ...          ...  ...          ...          ...
104  2024-12-01 19:43:31   01.12.2024  ...         0.00      12400.0
105  2024-12-01 12:09:00   01.12.2024  ...        30.00        600.0
106  2024-12-01 12:03:44   01.12.2024  ...        85.08       1400.0
107  2024-12-01 11:44:41   01.12.2024  ...         0.00        270.0
108  2024-12-01 11:44:26   01.12.2024  ...         0.00       1300.0

[109 rows x 15 columns]
[2025-01-05T21:34:55.817+0000] {taskinstance.py:441} INFO - ::group::Post task execution logs
[2025-01-05T21:34:55.835+0000] {taskinstance.py:1206} INFO - Marking task as SUCCESS. dag_id=raw_banking_tinkoff, task_id=file_processing, run_id=manual__2025-01-05T21:34:53.669110+00:00, execution_date=20250105T213453, start_date=20250105T213455, end_date=20250105T213455
[2025-01-05T21:34:55.868+0000] {local_task_job_runner.py:240} INFO - Task exited with return code 0
[2025-01-05T21:34:55.878+0000] {taskinstance.py:3503} INFO - 1 downstream tasks scheduled from follow-on schedule check
[2025-01-05T21:34:55.879+0000] {local_task_job_runner.py:222} INFO - ::endgroup::
