[2025-01-05T16:49:00.260+0000] {local_task_job_runner.py:120} INFO - ::group::Pre task execution logs
[2025-01-05T16:49:00.272+0000] {taskinstance.py:2076} INFO - Dependencies all met for dep_context=non-requeueable deps ti=<TaskInstance: raw_banking_tinkoff.file_processing manual__2025-01-05T16:48:59.076332+00:00 [queued]>
[2025-01-05T16:49:00.275+0000] {taskinstance.py:2076} INFO - Dependencies all met for dep_context=requeueable deps ti=<TaskInstance: raw_banking_tinkoff.file_processing manual__2025-01-05T16:48:59.076332+00:00 [queued]>
[2025-01-05T16:49:00.275+0000] {taskinstance.py:2306} INFO - Starting attempt 1 of 2
[2025-01-05T16:49:00.280+0000] {taskinstance.py:2330} INFO - Executing <Task(PythonOperator): file_processing> on 2025-01-05 16:48:59.076332+00:00
[2025-01-05T16:49:00.284+0000] {standard_task_runner.py:90} INFO - Running: ['airflow', 'tasks', 'run', 'raw_banking_tinkoff', 'file_processing', 'manual__2025-01-05T16:48:59.076332+00:00', '--job-id', '24', '--raw', '--subdir', 'DAGS_FOLDER/raw_banking_tinkoff.py', '--cfg-path', '/tmp/tmpf9fvxwoi']
[2025-01-05T16:49:00.285+0000] {standard_task_runner.py:91} INFO - Job 24: Subtask file_processing
[2025-01-05T16:49:00.285+0000] {logging_mixin.py:188} WARNING - /home/airflow/.local/lib/python3.12/site-packages/airflow/task/task_runner/standard_task_runner.py:61 DeprecationWarning: This process (pid=182) is multi-threaded, use of fork() may lead to deadlocks in the child.
[2025-01-05T16:49:00.286+0000] {standard_task_runner.py:63} INFO - Started process 184 to run task
[2025-01-05T16:49:00.304+0000] {task_command.py:426} INFO - Running <TaskInstance: raw_banking_tinkoff.file_processing manual__2025-01-05T16:48:59.076332+00:00 [running]> on host 928815d407f9
[2025-01-05T16:49:00.339+0000] {taskinstance.py:2648} INFO - Exporting env vars: AIRFLOW_CTX_DAG_OWNER='nmashtakov' AIRFLOW_CTX_DAG_ID='raw_banking_tinkoff' AIRFLOW_CTX_TASK_ID='file_processing' AIRFLOW_CTX_EXECUTION_DATE='2025-01-05T16:48:59.076332+00:00' AIRFLOW_CTX_TRY_NUMBER='1' AIRFLOW_CTX_DAG_RUN_ID='manual__2025-01-05T16:48:59.076332+00:00'
[2025-01-05T16:49:00.340+0000] {taskinstance.py:430} INFO - ::endgroup::
[2025-01-05T16:49:00.503+0000] {python.py:237} INFO - Done. Returned value was:    Дата операции Дата проводки Название счета  ... Комментарий Кэшбэк Тип кэшбэка
0     31.12.2024    31.12.2024   Текущий счёт  ...     продажа    NaN         NaN
1     31.12.2024    31.12.2024   Текущий счёт  ...         NaN    NaN         NaN
2     31.12.2024    31.12.2024   Текущий счёт  ...         NaN    NaN         NaN
3     31.12.2024    31.12.2024   Текущий счёт  ...         NaN    NaN         NaN
4     31.12.2024    02.01.2025   Текущий счёт  ...         NaN    1.0       Рубли
..           ...           ...            ...  ...         ...    ...         ...
69    04.12.2024    04.12.2024   Текущий счёт  ...         NaN    NaN         NaN
70    03.12.2024    06.12.2024   Текущий счёт  ...         NaN    NaN         NaN
71    03.12.2024    06.12.2024   Текущий счёт  ...         NaN    NaN         NaN
72    03.12.2024    03.12.2024   Текущий счёт  ...         NaN    NaN         NaN
73    03.12.2024    03.12.2024   Текущий счёт  ...         NaN    NaN         NaN

[74 rows x 17 columns]
[2025-01-05T16:49:00.511+0000] {taskinstance.py:441} INFO - ::group::Post task execution logs
[2025-01-05T16:49:00.555+0000] {taskinstance.py:1206} INFO - Marking task as SUCCESS. dag_id=raw_banking_tinkoff, task_id=file_processing, run_id=manual__2025-01-05T16:48:59.076332+00:00, execution_date=20250105T164859, start_date=20250105T164900, end_date=20250105T164900
[2025-01-05T16:49:00.593+0000] {local_task_job_runner.py:240} INFO - Task exited with return code 0
[2025-01-05T16:49:00.602+0000] {taskinstance.py:3503} INFO - 0 downstream tasks scheduled from follow-on schedule check
[2025-01-05T16:49:00.603+0000] {local_task_job_runner.py:222} INFO - ::endgroup::
