[2025-01-05T21:08:46.570+0000] {local_task_job_runner.py:120} INFO - ::group::Pre task execution logs
[2025-01-05T21:08:46.582+0000] {taskinstance.py:2076} INFO - Dependencies all met for dep_context=non-requeueable deps ti=<TaskInstance: raw_banking_tinkoff.file_processing manual__2025-01-05T21:08:45.097307+00:00 [queued]>
[2025-01-05T21:08:46.586+0000] {taskinstance.py:2076} INFO - Dependencies all met for dep_context=requeueable deps ti=<TaskInstance: raw_banking_tinkoff.file_processing manual__2025-01-05T21:08:45.097307+00:00 [queued]>
[2025-01-05T21:08:46.586+0000] {taskinstance.py:2306} INFO - Starting attempt 1 of 2
[2025-01-05T21:08:46.590+0000] {taskinstance.py:2330} INFO - Executing <Task(PythonOperator): file_processing> on 2025-01-05 21:08:45.097307+00:00
[2025-01-05T21:08:46.594+0000] {standard_task_runner.py:90} INFO - Running: ['airflow', 'tasks', 'run', 'raw_banking_tinkoff', 'file_processing', 'manual__2025-01-05T21:08:45.097307+00:00', '--job-id', '55', '--raw', '--subdir', 'DAGS_FOLDER/raw_banking_tinkoff.py', '--cfg-path', '/tmp/tmpkk7rugba']
[2025-01-05T21:08:46.595+0000] {standard_task_runner.py:91} INFO - Job 55: Subtask file_processing
[2025-01-05T21:08:46.595+0000] {logging_mixin.py:188} WARNING - /home/airflow/.local/lib/python3.12/site-packages/airflow/task/task_runner/standard_task_runner.py:61 DeprecationWarning: This process (pid=181) is multi-threaded, use of fork() may lead to deadlocks in the child.
[2025-01-05T21:08:46.596+0000] {standard_task_runner.py:63} INFO - Started process 183 to run task
[2025-01-05T21:08:46.613+0000] {task_command.py:426} INFO - Running <TaskInstance: raw_banking_tinkoff.file_processing manual__2025-01-05T21:08:45.097307+00:00 [running]> on host 3f8f12119728
[2025-01-05T21:08:46.645+0000] {taskinstance.py:2648} INFO - Exporting env vars: AIRFLOW_CTX_DAG_OWNER='nmashtakov' AIRFLOW_CTX_DAG_ID='raw_banking_tinkoff' AIRFLOW_CTX_TASK_ID='file_processing' AIRFLOW_CTX_EXECUTION_DATE='2025-01-05T21:08:45.097307+00:00' AIRFLOW_CTX_TRY_NUMBER='1' AIRFLOW_CTX_DAG_RUN_ID='manual__2025-01-05T21:08:45.097307+00:00'
[2025-01-05T21:08:46.646+0000] {taskinstance.py:430} INFO - ::endgroup::
[2025-01-05T21:08:46.753+0000] {python.py:237} INFO - Done. Returned value was:            Дата операции  ...              load_dt
0    31.12.2024 17:39:21  ...  05.01.2025 21:08:46
1    31.12.2024 17:38:42  ...  05.01.2025 21:08:46
2    31.12.2024 17:37:14  ...  05.01.2025 21:08:46
3    31.12.2024 17:28:45  ...  05.01.2025 21:08:46
4    30.12.2024 20:43:40  ...  05.01.2025 21:08:46
..                   ...  ...                  ...
104  01.12.2024 19:43:31  ...  05.01.2025 21:08:46
105  01.12.2024 12:09:00  ...  05.01.2025 21:08:46
106  01.12.2024 12:03:44  ...  05.01.2025 21:08:46
107  01.12.2024 11:44:41  ...  05.01.2025 21:08:46
108  01.12.2024 11:44:26  ...  05.01.2025 21:08:46

[109 rows x 16 columns]
[2025-01-05T21:08:46.760+0000] {taskinstance.py:441} INFO - ::group::Post task execution logs
[2025-01-05T21:08:46.787+0000] {taskinstance.py:1206} INFO - Marking task as SUCCESS. dag_id=raw_banking_tinkoff, task_id=file_processing, run_id=manual__2025-01-05T21:08:45.097307+00:00, execution_date=20250105T210845, start_date=20250105T210846, end_date=20250105T210846
[2025-01-05T21:08:46.828+0000] {local_task_job_runner.py:240} INFO - Task exited with return code 0
[2025-01-05T21:08:46.838+0000] {taskinstance.py:3503} INFO - 1 downstream tasks scheduled from follow-on schedule check
[2025-01-05T21:08:46.839+0000] {local_task_job_runner.py:222} INFO - ::endgroup::
