[2025-01-04T16:45:50.294+0000] {manager.py:470} INFO - Processing files using up to 2 processes at a time 
[2025-01-04T16:45:50.295+0000] {manager.py:471} INFO - Process each file at most once every 30 seconds
[2025-01-04T16:45:50.297+0000] {manager.py:472} INFO - Checking for new files in /opt/airflow/dags every 300 seconds
[2025-01-04T16:45:50.298+0000] {manager.py:737} INFO - Searching for files in /opt/airflow/dags
[2025-01-04T16:45:50.300+0000] {manager.py:740} INFO - There are 1 files in /opt/airflow/dags
[2025-01-04T16:45:50.350+0000] {manager.py:878} INFO - 
================================================================================
DAG File Processing Stats

File Path                         PID  Runtime      # DAGs    # Errors  Last Runtime    Last Run
------------------------------  -----  ---------  --------  ----------  --------------  ----------
/opt/airflow/dags/first_dag.py    168  0.02s             0           0
================================================================================
[2025-01-04T16:46:20.546+0000] {manager.py:878} INFO - 
================================================================================
DAG File Processing Stats

File Path                         PID  Runtime      # DAGs    # Errors  Last Runtime    Last Run
------------------------------  -----  ---------  --------  ----------  --------------  -------------------
/opt/airflow/dags/first_dag.py    173  0.01s             1           0  0.18s           2025-01-04T16:45:50
================================================================================
[2025-01-04T16:46:50.844+0000] {manager.py:878} INFO - 
================================================================================
DAG File Processing Stats

File Path                         PID  Runtime      # DAGs    # Errors  Last Runtime    Last Run
------------------------------  -----  ---------  --------  ----------  --------------  -------------------
/opt/airflow/dags/first_dag.py    178  0.02s             1           0  0.10s           2025-01-04T16:46:20
================================================================================
[2025-01-04T16:47:21.189+0000] {manager.py:878} INFO - 
================================================================================
DAG File Processing Stats

File Path                         PID  Runtime      # DAGs    # Errors  Last Runtime    Last Run
------------------------------  -----  ---------  --------  ----------  --------------  -------------------
/opt/airflow/dags/first_dag.py    183  0.01s             1           0  0.10s           2025-01-04T16:46:50
================================================================================
[2025-01-04T16:47:51.501+0000] {manager.py:878} INFO - 
================================================================================
DAG File Processing Stats

File Path                         PID  Runtime      # DAGs    # Errors  Last Runtime    Last Run
------------------------------  -----  ---------  --------  ----------  --------------  -------------------
/opt/airflow/dags/first_dag.py    188  0.01s             1           0  0.09s           2025-01-04T16:47:21
================================================================================
[2025-01-04T16:48:21.825+0000] {manager.py:878} INFO - 
================================================================================
DAG File Processing Stats

File Path                         PID  Runtime      # DAGs    # Errors  Last Runtime    Last Run
------------------------------  -----  ---------  --------  ----------  --------------  -------------------
/opt/airflow/dags/first_dag.py    195  0.01s             1           0  0.12s           2025-01-04T16:47:51
================================================================================
[2025-01-04T16:48:52.174+0000] {manager.py:878} INFO - 
================================================================================
DAG File Processing Stats

File Path                         PID  Runtime      # DAGs    # Errors  Last Runtime    Last Run
------------------------------  -----  ---------  --------  ----------  --------------  -------------------
/opt/airflow/dags/first_dag.py    200  0.02s             1           0  0.08s           2025-01-04T16:48:21
================================================================================
[2025-01-04T16:49:22.490+0000] {manager.py:878} INFO - 
================================================================================
DAG File Processing Stats

File Path                         PID  Runtime      # DAGs    # Errors  Last Runtime    Last Run
------------------------------  -----  ---------  --------  ----------  --------------  -------------------
/opt/airflow/dags/first_dag.py    207  0.01s             1           0  0.12s           2025-01-04T16:48:52
================================================================================
[2025-01-04T16:49:52.831+0000] {manager.py:878} INFO - 
================================================================================
DAG File Processing Stats

File Path                         PID  Runtime      # DAGs    # Errors  Last Runtime    Last Run
------------------------------  -----  ---------  --------  ----------  --------------  -------------------
/opt/airflow/dags/first_dag.py    212  0.01s             1           0  0.09s           2025-01-04T16:49:22
================================================================================
[2025-01-04T16:50:23.152+0000] {manager.py:878} INFO - 
================================================================================
DAG File Processing Stats

File Path                         PID  Runtime      # DAGs    # Errors  Last Runtime    Last Run
------------------------------  -----  ---------  --------  ----------  --------------  -------------------
/opt/airflow/dags/first_dag.py    217  0.01s             1           0  0.06s           2025-01-04T16:49:52
================================================================================
[2025-01-04T16:50:50.423+0000] {manager.py:737} INFO - Searching for files in /opt/airflow/dags
[2025-01-04T16:50:50.433+0000] {manager.py:740} INFO - There are 1 files in /opt/airflow/dags
[2025-01-04T16:50:53.479+0000] {manager.py:878} INFO - 
================================================================================
DAG File Processing Stats

File Path                       PID    Runtime      # DAGs    # Errors  Last Runtime    Last Run
------------------------------  -----  ---------  --------  ----------  --------------  -------------------
/opt/airflow/dags/first_dag.py                           1           0  0.12s           2025-01-04T16:50:50
================================================================================
[2025-01-04T16:51:23.851+0000] {manager.py:878} INFO - 
================================================================================
DAG File Processing Stats

File Path                       PID    Runtime      # DAGs    # Errors  Last Runtime    Last Run
------------------------------  -----  ---------  --------  ----------  --------------  -------------------
/opt/airflow/dags/first_dag.py                           1           0  0.10s           2025-01-04T16:51:20
================================================================================
[2025-01-04T16:51:54.173+0000] {manager.py:878} INFO - 
================================================================================
DAG File Processing Stats

File Path                       PID    Runtime      # DAGs    # Errors  Last Runtime    Last Run
------------------------------  -----  ---------  --------  ----------  --------------  -------------------
/opt/airflow/dags/first_dag.py                           1           0  0.12s           2025-01-04T16:51:51
================================================================================
[2025-01-04T16:52:24.465+0000] {manager.py:878} INFO - 
================================================================================
DAG File Processing Stats

File Path                       PID    Runtime      # DAGs    # Errors  Last Runtime    Last Run
------------------------------  -----  ---------  --------  ----------  --------------  -------------------
/opt/airflow/dags/first_dag.py                           1           0  0.10s           2025-01-04T16:52:21
================================================================================
[2025-01-04T16:52:54.741+0000] {manager.py:878} INFO - 
================================================================================
DAG File Processing Stats

File Path                       PID    Runtime      # DAGs    # Errors  Last Runtime    Last Run
------------------------------  -----  ---------  --------  ----------  --------------  -------------------
/opt/airflow/dags/first_dag.py                           1           0  0.08s           2025-01-04T16:52:51
================================================================================
[2025-01-04T16:53:24.969+0000] {manager.py:878} INFO - 
================================================================================
DAG File Processing Stats

File Path                       PID    Runtime      # DAGs    # Errors  Last Runtime    Last Run
------------------------------  -----  ---------  --------  ----------  --------------  -------------------
/opt/airflow/dags/first_dag.py                           1           0  0.12s           2025-01-04T16:53:09
================================================================================
[2025-01-04T16:53:55.306+0000] {manager.py:878} INFO - 
================================================================================
DAG File Processing Stats

File Path                       PID    Runtime      # DAGs    # Errors  Last Runtime    Last Run
------------------------------  -----  ---------  --------  ----------  --------------  -------------------
/opt/airflow/dags/first_dag.py                           1           0  0.11s           2025-01-04T16:53:40
================================================================================
[2025-01-04T16:54:25.585+0000] {manager.py:878} INFO - 
================================================================================
DAG File Processing Stats

File Path                       PID    Runtime      # DAGs    # Errors  Last Runtime    Last Run
------------------------------  -----  ---------  --------  ----------  --------------  -------------------
/opt/airflow/dags/first_dag.py                           1           0  0.06s           2025-01-04T16:54:10
================================================================================
[2025-01-04T16:54:55.901+0000] {manager.py:878} INFO - 
================================================================================
DAG File Processing Stats

File Path                       PID    Runtime      # DAGs    # Errors  Last Runtime    Last Run
------------------------------  -----  ---------  --------  ----------  --------------  -------------------
/opt/airflow/dags/first_dag.py                           1           0  0.07s           2025-01-04T16:54:40
================================================================================
[2025-01-04T16:55:26.211+0000] {manager.py:878} INFO - 
================================================================================
DAG File Processing Stats

File Path                       PID    Runtime      # DAGs    # Errors  Last Runtime    Last Run
------------------------------  -----  ---------  --------  ----------  --------------  -------------------
/opt/airflow/dags/first_dag.py                           1           0  0.09s           2025-01-04T16:55:11
================================================================================
[2025-01-04T16:55:50.434+0000] {manager.py:737} INFO - Searching for files in /opt/airflow/dags
[2025-01-04T16:55:50.441+0000] {manager.py:740} INFO - There are 1 files in /opt/airflow/dags
[2025-01-04T16:55:56.501+0000] {manager.py:878} INFO - 
================================================================================
DAG File Processing Stats

File Path                       PID    Runtime      # DAGs    # Errors  Last Runtime    Last Run
------------------------------  -----  ---------  --------  ----------  --------------  -------------------
/opt/airflow/dags/first_dag.py                           1           0  0.06s           2025-01-04T16:55:41
================================================================================
[2025-01-04T16:56:26.795+0000] {manager.py:878} INFO - 
================================================================================
DAG File Processing Stats

File Path                       PID    Runtime      # DAGs    # Errors  Last Runtime    Last Run
------------------------------  -----  ---------  --------  ----------  --------------  -------------------
/opt/airflow/dags/first_dag.py                           1           0  0.10s           2025-01-04T16:56:11
================================================================================
[2025-01-04T16:56:57.099+0000] {manager.py:878} INFO - 
================================================================================
DAG File Processing Stats

File Path                       PID    Runtime      # DAGs    # Errors  Last Runtime    Last Run
------------------------------  -----  ---------  --------  ----------  --------------  -------------------
/opt/airflow/dags/first_dag.py                           1           0  0.09s           2025-01-04T16:56:42
================================================================================
[2025-01-04T16:57:27.428+0000] {manager.py:878} INFO - 
================================================================================
DAG File Processing Stats

File Path                       PID    Runtime      # DAGs    # Errors  Last Runtime    Last Run
------------------------------  -----  ---------  --------  ----------  --------------  -------------------
/opt/airflow/dags/first_dag.py                           1           0  0.08s           2025-01-04T16:57:12
================================================================================
[2025-01-04T16:57:35.701+0000] {manager.py:452} INFO - Exiting gracefully upon receiving signal 15
[2025-01-04T16:57:47.750+0000] {manager.py:470} INFO - Processing files using up to 2 processes at a time 
[2025-01-04T16:57:47.751+0000] {manager.py:471} INFO - Process each file at most once every 30 seconds
[2025-01-04T16:57:47.751+0000] {manager.py:472} INFO - Checking for new files in /opt/airflow/dags every 300 seconds
[2025-01-04T16:57:47.751+0000] {manager.py:737} INFO - Searching for files in /opt/airflow/dags
[2025-01-04T16:57:47.753+0000] {manager.py:740} INFO - There are 1 files in /opt/airflow/dags
[2025-01-04T16:57:47.802+0000] {manager.py:878} INFO - 
================================================================================
DAG File Processing Stats

File Path                         PID  Runtime      # DAGs    # Errors  Last Runtime    Last Run
------------------------------  -----  ---------  --------  ----------  --------------  ----------
/opt/airflow/dags/first_dag.py    168  0.02s             0           0
================================================================================
[2025-01-04T16:58:17.996+0000] {manager.py:878} INFO - 
================================================================================
DAG File Processing Stats

File Path                         PID  Runtime      # DAGs    # Errors  Last Runtime    Last Run
------------------------------  -----  ---------  --------  ----------  --------------  -------------------
/opt/airflow/dags/first_dag.py    173  0.02s             1           0  0.09s           2025-01-04T16:57:47
================================================================================
[2025-01-04T16:58:48.253+0000] {manager.py:878} INFO - 
================================================================================
DAG File Processing Stats

File Path                         PID  Runtime      # DAGs    # Errors  Last Runtime    Last Run
------------------------------  -----  ---------  --------  ----------  --------------  -------------------
/opt/airflow/dags/first_dag.py    178  0.01s             1           0  0.13s           2025-01-04T16:58:18
================================================================================
[2025-01-04T16:59:18.543+0000] {manager.py:878} INFO - 
================================================================================
DAG File Processing Stats

File Path                         PID  Runtime      # DAGs    # Errors  Last Runtime    Last Run
------------------------------  -----  ---------  --------  ----------  --------------  -------------------
/opt/airflow/dags/first_dag.py    183  0.02s             1           0  0.12s           2025-01-04T16:58:48
================================================================================
[2025-01-04T16:59:41.306+0000] {manager.py:452} INFO - Exiting gracefully upon receiving signal 15
[2025-01-04T16:59:54.726+0000] {manager.py:470} INFO - Processing files using up to 2 processes at a time 
[2025-01-04T16:59:54.727+0000] {manager.py:471} INFO - Process each file at most once every 30 seconds
[2025-01-04T16:59:54.727+0000] {manager.py:472} INFO - Checking for new files in /opt/airflow/dags every 300 seconds
[2025-01-04T16:59:54.727+0000] {manager.py:737} INFO - Searching for files in /opt/airflow/dags
[2025-01-04T16:59:54.729+0000] {manager.py:740} INFO - There are 1 files in /opt/airflow/dags
[2025-01-04T16:59:54.777+0000] {manager.py:878} INFO - 
================================================================================
DAG File Processing Stats

File Path                         PID  Runtime      # DAGs    # Errors  Last Runtime    Last Run
------------------------------  -----  ---------  --------  ----------  --------------  ----------
/opt/airflow/dags/first_dag.py    168  0.02s             0           0
================================================================================
[2025-01-04T17:00:25.000+0000] {manager.py:878} INFO - 
================================================================================
DAG File Processing Stats

File Path                         PID  Runtime      # DAGs    # Errors  Last Runtime    Last Run
------------------------------  -----  ---------  --------  ----------  --------------  -------------------
/opt/airflow/dags/first_dag.py    173  0.02s             1           0  0.09s           2025-01-04T16:59:54
================================================================================
[2025-01-04T17:00:55.231+0000] {manager.py:878} INFO - 
================================================================================
DAG File Processing Stats

File Path                         PID  Runtime      # DAGs    # Errors  Last Runtime    Last Run
------------------------------  -----  ---------  --------  ----------  --------------  -------------------
/opt/airflow/dags/first_dag.py    178  0.01s             1           0  0.13s           2025-01-04T17:00:25
================================================================================
[2025-01-04T17:01:25.582+0000] {manager.py:878} INFO - 
================================================================================
DAG File Processing Stats

File Path                         PID  Runtime      # DAGs    # Errors  Last Runtime    Last Run
------------------------------  -----  ---------  --------  ----------  --------------  -------------------
/opt/airflow/dags/first_dag.py    183  0.01s             1           0  0.10s           2025-01-04T17:00:55
================================================================================
[2025-01-04T17:01:55.856+0000] {manager.py:878} INFO - 
================================================================================
DAG File Processing Stats

File Path                         PID  Runtime      # DAGs    # Errors  Last Runtime    Last Run
------------------------------  -----  ---------  --------  ----------  --------------  -------------------
/opt/airflow/dags/first_dag.py    188  0.01s             1           0  0.11s           2025-01-04T17:01:25
================================================================================
[2025-01-04T17:02:26.217+0000] {manager.py:878} INFO - 
================================================================================
DAG File Processing Stats

File Path                         PID  Runtime      # DAGs    # Errors  Last Runtime    Last Run
------------------------------  -----  ---------  --------  ----------  --------------  -------------------
/opt/airflow/dags/first_dag.py    193  0.01s             1           0  0.09s           2025-01-04T17:01:55
================================================================================
[2025-01-04T17:02:56.537+0000] {manager.py:878} INFO - 
================================================================================
DAG File Processing Stats

File Path                         PID  Runtime      # DAGs    # Errors  Last Runtime    Last Run
------------------------------  -----  ---------  --------  ----------  --------------  -------------------
/opt/airflow/dags/first_dag.py    198  0.01s             1           0  0.08s           2025-01-04T17:02:26
================================================================================
[2025-01-04T17:03:06.248+0000] {manager.py:452} INFO - Exiting gracefully upon receiving signal 15
[2025-01-04T17:03:21.042+0000] {manager.py:470} INFO - Processing files using up to 2 processes at a time 
[2025-01-04T17:03:21.043+0000] {manager.py:471} INFO - Process each file at most once every 30 seconds
[2025-01-04T17:03:21.043+0000] {manager.py:472} INFO - Checking for new files in /opt/airflow/dags every 300 seconds
[2025-01-04T17:03:21.043+0000] {manager.py:737} INFO - Searching for files in /opt/airflow/dags
[2025-01-04T17:03:21.046+0000] {manager.py:740} INFO - There are 1 files in /opt/airflow/dags
[2025-01-04T17:03:21.101+0000] {manager.py:878} INFO - 
================================================================================
DAG File Processing Stats

File Path                         PID  Runtime      # DAGs    # Errors  Last Runtime    Last Run
------------------------------  -----  ---------  --------  ----------  --------------  ----------
/opt/airflow/dags/first_dag.py    168  0.02s             0           0
================================================================================
[2025-01-04T17:03:51.364+0000] {manager.py:878} INFO - 
================================================================================
DAG File Processing Stats

File Path                         PID  Runtime      # DAGs    # Errors  Last Runtime    Last Run
------------------------------  -----  ---------  --------  ----------  --------------  -------------------
/opt/airflow/dags/first_dag.py    173  0.01s             1           0  0.08s           2025-01-04T17:03:21
================================================================================
[2025-01-04T17:04:21.673+0000] {manager.py:878} INFO - 
================================================================================
DAG File Processing Stats

File Path                         PID  Runtime      # DAGs    # Errors  Last Runtime    Last Run
------------------------------  -----  ---------  --------  ----------  --------------  -------------------
/opt/airflow/dags/first_dag.py    178  0.02s             1           0  0.11s           2025-01-04T17:03:51
================================================================================
[2025-01-04T17:04:25.705+0000] {manager.py:452} INFO - Exiting gracefully upon receiving signal 15
[2025-01-04T17:04:39.887+0000] {manager.py:470} INFO - Processing files using up to 2 processes at a time 
[2025-01-04T17:04:39.888+0000] {manager.py:471} INFO - Process each file at most once every 30 seconds
[2025-01-04T17:04:39.888+0000] {manager.py:472} INFO - Checking for new files in /opt/airflow/dags every 300 seconds
[2025-01-04T17:04:39.888+0000] {manager.py:737} INFO - Searching for files in /opt/airflow/dags
[2025-01-04T17:04:39.891+0000] {manager.py:740} INFO - There are 1 files in /opt/airflow/dags
[2025-01-04T17:04:39.941+0000] {manager.py:878} INFO - 
================================================================================
DAG File Processing Stats

File Path                         PID  Runtime      # DAGs    # Errors  Last Runtime    Last Run
------------------------------  -----  ---------  --------  ----------  --------------  ----------
/opt/airflow/dags/first_dag.py    167  0.02s             0           0
================================================================================
[2025-01-04T17:05:10.170+0000] {manager.py:878} INFO - 
================================================================================
DAG File Processing Stats

File Path                         PID  Runtime      # DAGs    # Errors  Last Runtime    Last Run
------------------------------  -----  ---------  --------  ----------  --------------  -------------------
/opt/airflow/dags/first_dag.py    173  0.00s             1           0  0.10s           2025-01-04T17:04:40
================================================================================
[2025-01-04T17:05:40.523+0000] {manager.py:878} INFO - 
================================================================================
DAG File Processing Stats

File Path                         PID  Runtime      # DAGs    # Errors  Last Runtime    Last Run
------------------------------  -----  ---------  --------  ----------  --------------  -------------------
/opt/airflow/dags/first_dag.py    178  0.02s             1           0  0.10s           2025-01-04T17:05:10
================================================================================
[2025-01-04T17:06:10.869+0000] {manager.py:878} INFO - 
================================================================================
DAG File Processing Stats

File Path                         PID  Runtime      # DAGs    # Errors  Last Runtime    Last Run
------------------------------  -----  ---------  --------  ----------  --------------  -------------------
/opt/airflow/dags/first_dag.py    183  0.02s             1           0  0.14s           2025-01-04T17:05:40
================================================================================
[2025-01-04T17:06:41.218+0000] {manager.py:878} INFO - 
================================================================================
DAG File Processing Stats

File Path                       PID    Runtime      # DAGs    # Errors  Last Runtime    Last Run
------------------------------  -----  ---------  --------  ----------  --------------  -------------------
/opt/airflow/dags/first_dag.py                           1           0  0.21s           2025-01-04T17:06:26
================================================================================
[2025-01-04T17:07:11.539+0000] {manager.py:878} INFO - 
================================================================================
DAG File Processing Stats

File Path                       PID    Runtime      # DAGs    # Errors  Last Runtime    Last Run
------------------------------  -----  ---------  --------  ----------  --------------  -------------------
/opt/airflow/dags/first_dag.py                           1           0  0.09s           2025-01-04T17:06:49
================================================================================
[2025-01-04T17:07:41.880+0000] {manager.py:878} INFO - 
================================================================================
DAG File Processing Stats

File Path                       PID    Runtime      # DAGs    # Errors  Last Runtime    Last Run
------------------------------  -----  ---------  --------  ----------  --------------  -------------------
/opt/airflow/dags/first_dag.py                           1           0  0.18s           2025-01-04T17:07:19
================================================================================
[2025-01-04T17:08:12.253+0000] {manager.py:878} INFO - 
================================================================================
DAG File Processing Stats

File Path                       PID    Runtime      # DAGs    # Errors  Last Runtime    Last Run
------------------------------  -----  ---------  --------  ----------  --------------  -------------------
/opt/airflow/dags/first_dag.py                           1           0  0.10s           2025-01-04T17:07:50
================================================================================
[2025-01-04T17:08:14.273+0000] {manager.py:1128} WARNING - Skipping processing of missing file: /opt/airflow/dags/first_dag.py
[2025-01-04T17:08:20.518+0000] {manager.py:452} INFO - Exiting gracefully upon receiving signal 15
[2025-01-04T17:08:33.777+0000] {manager.py:470} INFO - Processing files using up to 2 processes at a time 
[2025-01-04T17:08:33.780+0000] {manager.py:471} INFO - Process each file at most once every 30 seconds
[2025-01-04T17:08:33.787+0000] {manager.py:472} INFO - Checking for new files in /opt/airflow/dags every 300 seconds
[2025-01-04T17:08:33.788+0000] {manager.py:737} INFO - Searching for files in /opt/airflow/dags
[2025-01-04T17:08:33.824+0000] {manager.py:740} INFO - There are 1 files in /opt/airflow/dags
[2025-01-04T17:08:33.899+0000] {manager.py:878} INFO - 
================================================================================
DAG File Processing Stats

File Path                           PID  Runtime      # DAGs    # Errors  Last Runtime    Last Run
--------------------------------  -----  ---------  --------  ----------  --------------  ----------
/opt/airflow/dags/first_dag_1.py    168  0.02s             0           0
================================================================================
[2025-01-04T17:09:04.176+0000] {manager.py:878} INFO - 
================================================================================
DAG File Processing Stats

File Path                         PID    Runtime      # DAGs    # Errors  Last Runtime    Last Run
--------------------------------  -----  ---------  --------  ----------  --------------  -------------------
/opt/airflow/dags/first_dag_1.py                           1           0  0.09s           2025-01-04T17:08:41
================================================================================
[2025-01-04T17:09:34.523+0000] {manager.py:878} INFO - 
================================================================================
DAG File Processing Stats

File Path                         PID    Runtime      # DAGs    # Errors  Last Runtime    Last Run
--------------------------------  -----  ---------  --------  ----------  --------------  -------------------
/opt/airflow/dags/first_dag_1.py                           1           0  0.21s           2025-01-04T17:09:11
================================================================================
[2025-01-04T17:10:04.992+0000] {manager.py:878} INFO - 
================================================================================
DAG File Processing Stats

File Path                         PID    Runtime      # DAGs    # Errors  Last Runtime    Last Run
--------------------------------  -----  ---------  --------  ----------  --------------  -------------------
/opt/airflow/dags/first_dag_1.py                           1           0  0.14s           2025-01-04T17:09:41
================================================================================
[2025-01-04T17:10:35.306+0000] {manager.py:878} INFO - 
================================================================================
DAG File Processing Stats

File Path                         PID    Runtime      # DAGs    # Errors  Last Runtime    Last Run
--------------------------------  -----  ---------  --------  ----------  --------------  -------------------
/opt/airflow/dags/first_dag_1.py                           1           0  0.11s           2025-01-04T17:10:12
================================================================================
[2025-01-04T17:11:05.663+0000] {manager.py:878} INFO - 
================================================================================
DAG File Processing Stats

File Path                         PID    Runtime      # DAGs    # Errors  Last Runtime    Last Run
--------------------------------  -----  ---------  --------  ----------  --------------  -------------------
/opt/airflow/dags/first_dag_1.py                           1           0  0.16s           2025-01-04T17:10:42
================================================================================
[2025-01-04T17:11:36.027+0000] {manager.py:878} INFO - 
================================================================================
DAG File Processing Stats

File Path                         PID    Runtime      # DAGs    # Errors  Last Runtime    Last Run
--------------------------------  -----  ---------  --------  ----------  --------------  -------------------
/opt/airflow/dags/first_dag_1.py                           1           0  0.11s           2025-01-04T17:11:12
================================================================================
[2025-01-04T17:12:06.330+0000] {manager.py:878} INFO - 
================================================================================
DAG File Processing Stats

File Path                         PID    Runtime      # DAGs    # Errors  Last Runtime    Last Run
--------------------------------  -----  ---------  --------  ----------  --------------  -------------------
/opt/airflow/dags/first_dag_1.py                           1           0  0.10s           2025-01-04T17:11:43
================================================================================
[2025-01-04T17:12:36.742+0000] {manager.py:878} INFO - 
================================================================================
DAG File Processing Stats

File Path                         PID    Runtime      # DAGs    # Errors  Last Runtime    Last Run
--------------------------------  -----  ---------  --------  ----------  --------------  -------------------
/opt/airflow/dags/first_dag_1.py                           1           0  0.13s           2025-01-04T17:12:22
================================================================================
[2025-01-04T17:13:07.093+0000] {manager.py:878} INFO - 
================================================================================
DAG File Processing Stats

File Path                         PID    Runtime      # DAGs    # Errors  Last Runtime    Last Run
--------------------------------  -----  ---------  --------  ----------  --------------  -------------------
/opt/airflow/dags/first_dag_1.py                           1           0  0.14s           2025-01-04T17:12:53
================================================================================
[2025-01-04T17:13:34.411+0000] {manager.py:737} INFO - Searching for files in /opt/airflow/dags
[2025-01-04T17:13:34.417+0000] {manager.py:740} INFO - There are 1 files in /opt/airflow/dags
[2025-01-04T17:13:37.462+0000] {manager.py:878} INFO - 
================================================================================
DAG File Processing Stats

File Path                         PID    Runtime      # DAGs    # Errors  Last Runtime    Last Run
--------------------------------  -----  ---------  --------  ----------  --------------  -------------------
/opt/airflow/dags/first_dag_1.py                           1           0  0.14s           2025-01-04T17:13:12
================================================================================
[2025-01-04T17:14:07.801+0000] {manager.py:878} INFO - 
================================================================================
DAG File Processing Stats

File Path                         PID    Runtime      # DAGs    # Errors  Last Runtime    Last Run
--------------------------------  -----  ---------  --------  ----------  --------------  -------------------
/opt/airflow/dags/first_dag_1.py                           1           0  0.13s           2025-01-04T17:13:42
================================================================================
[2025-01-04T17:14:38.149+0000] {manager.py:878} INFO - 
================================================================================
DAG File Processing Stats

File Path                         PID    Runtime      # DAGs    # Errors  Last Runtime    Last Run
--------------------------------  -----  ---------  --------  ----------  --------------  -------------------
/opt/airflow/dags/first_dag_1.py                           1           0  0.08s           2025-01-04T17:14:12
================================================================================
[2025-01-04T17:15:08.454+0000] {manager.py:878} INFO - 
================================================================================
DAG File Processing Stats

File Path                         PID    Runtime      # DAGs    # Errors  Last Runtime    Last Run
--------------------------------  -----  ---------  --------  ----------  --------------  -------------------
/opt/airflow/dags/first_dag_1.py                           1           0  0.14s           2025-01-04T17:14:43
================================================================================
[2025-01-04T17:15:38.837+0000] {manager.py:878} INFO - 
================================================================================
DAG File Processing Stats

File Path                         PID    Runtime      # DAGs    # Errors  Last Runtime    Last Run
--------------------------------  -----  ---------  --------  ----------  --------------  -------------------
/opt/airflow/dags/first_dag_1.py                           1           0  0.08s           2025-01-04T17:15:13
================================================================================
[2025-01-04T17:16:09.188+0000] {manager.py:878} INFO - 
================================================================================
DAG File Processing Stats

File Path                         PID    Runtime      # DAGs    # Errors  Last Runtime    Last Run
--------------------------------  -----  ---------  --------  ----------  --------------  -------------------
/opt/airflow/dags/first_dag_1.py                           1           0  0.07s           2025-01-04T17:16:04
================================================================================
[2025-01-04T17:16:39.506+0000] {manager.py:878} INFO - 
================================================================================
DAG File Processing Stats

File Path                         PID    Runtime      # DAGs    # Errors  Last Runtime    Last Run
--------------------------------  -----  ---------  --------  ----------  --------------  -------------------
/opt/airflow/dags/first_dag_1.py                           1           0  0.11s           2025-01-04T17:16:20
================================================================================
[2025-01-04T17:17:09.811+0000] {manager.py:878} INFO - 
================================================================================
DAG File Processing Stats

File Path                         PID    Runtime      # DAGs    # Errors  Last Runtime    Last Run
--------------------------------  -----  ---------  --------  ----------  --------------  -------------------
/opt/airflow/dags/first_dag_1.py                           1           0  0.16s           2025-01-04T17:16:50
================================================================================
[2025-01-04T17:17:40.257+0000] {manager.py:878} INFO - 
================================================================================
DAG File Processing Stats

File Path                         PID    Runtime      # DAGs    # Errors  Last Runtime    Last Run
--------------------------------  -----  ---------  --------  ----------  --------------  -------------------
/opt/airflow/dags/first_dag_1.py                           1           0  0.16s           2025-01-04T17:17:37
================================================================================
[2025-01-04T17:17:41.082+0000] {manager.py:452} INFO - Exiting gracefully upon receiving signal 15
[2025-01-04T17:17:54.811+0000] {manager.py:470} INFO - Processing files using up to 2 processes at a time 
[2025-01-04T17:17:54.811+0000] {manager.py:471} INFO - Process each file at most once every 30 seconds
[2025-01-04T17:17:54.812+0000] {manager.py:472} INFO - Checking for new files in /opt/airflow/dags every 300 seconds
[2025-01-04T17:17:54.812+0000] {manager.py:737} INFO - Searching for files in /opt/airflow/dags
[2025-01-04T17:17:54.819+0000] {manager.py:740} INFO - There are 1 files in /opt/airflow/dags
[2025-01-04T17:17:54.866+0000] {manager.py:878} INFO - 
================================================================================
DAG File Processing Stats

File Path                           PID  Runtime      # DAGs    # Errors  Last Runtime    Last Run
--------------------------------  -----  ---------  --------  ----------  --------------  ----------
/opt/airflow/dags/first_dag_1.py    168  0.02s             0           0
================================================================================
[2025-01-04T17:18:25.113+0000] {manager.py:878} INFO - 
================================================================================
DAG File Processing Stats

File Path                           PID  Runtime      # DAGs    # Errors  Last Runtime    Last Run
--------------------------------  -----  ---------  --------  ----------  --------------  -------------------
/opt/airflow/dags/first_dag_1.py    173  0.01s             1           0  0.08s           2025-01-04T17:17:54
================================================================================
[2025-01-04T17:18:55.400+0000] {manager.py:878} INFO - 
================================================================================
DAG File Processing Stats

File Path                           PID  Runtime      # DAGs    # Errors  Last Runtime    Last Run
--------------------------------  -----  ---------  --------  ----------  --------------  -------------------
/opt/airflow/dags/first_dag_1.py    180  0.01s             1           0  0.13s           2025-01-04T17:18:25
================================================================================
[2025-01-04T17:19:25.745+0000] {manager.py:878} INFO - 
================================================================================
DAG File Processing Stats

File Path                           PID  Runtime      # DAGs    # Errors  Last Runtime    Last Run
--------------------------------  -----  ---------  --------  ----------  --------------  -------------------
/opt/airflow/dags/first_dag_1.py    185  0.01s             1           0  0.07s           2025-01-04T17:18:55
================================================================================
[2025-01-04T17:19:56.069+0000] {manager.py:878} INFO - 
================================================================================
DAG File Processing Stats

File Path                           PID  Runtime      # DAGs    # Errors  Last Runtime    Last Run
--------------------------------  -----  ---------  --------  ----------  --------------  -------------------
/opt/airflow/dags/first_dag_1.py    190  0.01s             1           0  0.08s           2025-01-04T17:19:25
================================================================================
[2025-01-04T17:20:26.354+0000] {manager.py:878} INFO - 
================================================================================
DAG File Processing Stats

File Path                           PID  Runtime      # DAGs    # Errors  Last Runtime    Last Run
--------------------------------  -----  ---------  --------  ----------  --------------  -------------------
/opt/airflow/dags/first_dag_1.py    195  0.01s             1           0  0.10s           2025-01-04T17:19:56
================================================================================
[2025-01-04T17:20:56.706+0000] {manager.py:878} INFO - 
================================================================================
DAG File Processing Stats

File Path                         PID    Runtime      # DAGs    # Errors  Last Runtime    Last Run
--------------------------------  -----  ---------  --------  ----------  --------------  -------------------
/opt/airflow/dags/first_dag_1.py                           1           0  0.18s           2025-01-04T17:20:38
================================================================================
[2025-01-04T17:21:27.099+0000] {manager.py:878} INFO - 
================================================================================
DAG File Processing Stats

File Path                         PID    Runtime      # DAGs    # Errors  Last Runtime    Last Run
--------------------------------  -----  ---------  --------  ----------  --------------  -------------------
/opt/airflow/dags/first_dag_1.py                           1           0  0.15s           2025-01-04T17:21:08
================================================================================
[2025-01-04T17:21:57.434+0000] {manager.py:878} INFO - 
================================================================================
DAG File Processing Stats

File Path                         PID    Runtime      # DAGs    # Errors  Last Runtime    Last Run
--------------------------------  -----  ---------  --------  ----------  --------------  -------------------
/opt/airflow/dags/first_dag_1.py                           1           0  0.11s           2025-01-04T17:21:39
================================================================================
[2025-01-04T17:22:27.775+0000] {manager.py:878} INFO - 
================================================================================
DAG File Processing Stats

File Path                         PID    Runtime      # DAGs    # Errors  Last Runtime    Last Run
--------------------------------  -----  ---------  --------  ----------  --------------  -------------------
/opt/airflow/dags/first_dag_1.py                           1           0  0.10s           2025-01-04T17:22:09
================================================================================
[2025-01-04T17:22:55.090+0000] {manager.py:737} INFO - Searching for files in /opt/airflow/dags
[2025-01-04T17:22:55.101+0000] {manager.py:740} INFO - There are 1 files in /opt/airflow/dags
[2025-01-04T17:22:58.150+0000] {manager.py:878} INFO - 
================================================================================
DAG File Processing Stats

File Path                         PID    Runtime      # DAGs    # Errors  Last Runtime    Last Run
--------------------------------  -----  ---------  --------  ----------  --------------  -------------------
/opt/airflow/dags/first_dag_1.py                           1           0  0.16s           2025-01-04T17:22:30
================================================================================
[2025-01-04T17:23:28.537+0000] {manager.py:878} INFO - 
================================================================================
DAG File Processing Stats

File Path                         PID    Runtime      # DAGs    # Errors  Last Runtime    Last Run
--------------------------------  -----  ---------  --------  ----------  --------------  -------------------
/opt/airflow/dags/first_dag_1.py                           1           0  0.10s           2025-01-04T17:23:01
================================================================================
[2025-01-04T17:23:58.878+0000] {manager.py:878} INFO - 
================================================================================
DAG File Processing Stats

File Path                         PID    Runtime      # DAGs    # Errors  Last Runtime    Last Run
--------------------------------  -----  ---------  --------  ----------  --------------  -------------------
/opt/airflow/dags/first_dag_1.py                           1           0  0.07s           2025-01-04T17:23:31
================================================================================
[2025-01-04T17:24:29.137+0000] {manager.py:878} INFO - 
================================================================================
DAG File Processing Stats

File Path                         PID    Runtime      # DAGs    # Errors  Last Runtime    Last Run
--------------------------------  -----  ---------  --------  ----------  --------------  -------------------
/opt/airflow/dags/first_dag_1.py                           1           0  0.09s           2025-01-04T17:24:02
================================================================================
[2025-01-04T17:24:59.463+0000] {manager.py:878} INFO - 
================================================================================
DAG File Processing Stats

File Path                         PID    Runtime      # DAGs    # Errors  Last Runtime    Last Run
--------------------------------  -----  ---------  --------  ----------  --------------  -------------------
/opt/airflow/dags/first_dag_1.py                           1           0  0.14s           2025-01-04T17:24:32
================================================================================
[2025-01-04T17:25:29.866+0000] {manager.py:878} INFO - 
================================================================================
DAG File Processing Stats

File Path                         PID    Runtime      # DAGs    # Errors  Last Runtime    Last Run
--------------------------------  -----  ---------  --------  ----------  --------------  -------------------
/opt/airflow/dags/first_dag_1.py                           1           0  0.09s           2025-01-04T17:25:02
================================================================================
[2025-01-04T17:26:00.191+0000] {manager.py:878} INFO - 
================================================================================
DAG File Processing Stats

File Path                         PID    Runtime      # DAGs    # Errors  Last Runtime    Last Run
--------------------------------  -----  ---------  --------  ----------  --------------  -------------------
/opt/airflow/dags/first_dag_1.py                           1           0  0.08s           2025-01-04T17:25:32
================================================================================
[2025-01-04T17:26:30.540+0000] {manager.py:878} INFO - 
================================================================================
DAG File Processing Stats

File Path                         PID    Runtime      # DAGs    # Errors  Last Runtime    Last Run
--------------------------------  -----  ---------  --------  ----------  --------------  -------------------
/opt/airflow/dags/first_dag_1.py                           1           0  0.11s           2025-01-04T17:26:03
================================================================================
[2025-01-04T17:27:00.905+0000] {manager.py:878} INFO - 
================================================================================
DAG File Processing Stats

File Path                         PID    Runtime      # DAGs    # Errors  Last Runtime    Last Run
--------------------------------  -----  ---------  --------  ----------  --------------  -------------------
/opt/airflow/dags/first_dag_1.py                           1           0  0.08s           2025-01-04T17:26:33
================================================================================
