[2025-01-04T17:08:33.892+0000] {processor.py:161} INFO - Started process (PID=168) to work on /opt/airflow/dags/first_dag_1.py
[2025-01-04T17:08:33.895+0000] {processor.py:830} INFO - Processing file /opt/airflow/dags/first_dag_1.py for tasks to queue
[2025-01-04T17:08:33.897+0000] {logging_mixin.py:188} INFO - [2025-01-04T17:08:33.896+0000] {dagbag.py:545} INFO - Filling up the DagBag from /opt/airflow/dags/first_dag_1.py
[2025-01-04T17:08:33.908+0000] {processor.py:840} INFO - DAG(s) 'first_dag' retrieved from /opt/airflow/dags/first_dag_1.py
[2025-01-04T17:08:34.021+0000] {logging_mixin.py:188} INFO - [2025-01-04T17:08:34.021+0000] {dag.py:3096} INFO - Sync 1 DAGs
[2025-01-04T17:08:34.027+0000] {logging_mixin.py:188} INFO - [2025-01-04T17:08:34.027+0000] {dag.py:3118} INFO - Creating ORM DAG for first_dag
[2025-01-04T17:08:34.032+0000] {logging_mixin.py:188} INFO - [2025-01-04T17:08:34.032+0000] {dag.py:3954} INFO - Setting next_dagrun for first_dag to 2025-01-04 17:07:00+00:00, run_after=2025-01-05 17:07:00+00:00
[2025-01-04T17:08:34.041+0000] {processor.py:183} INFO - Processing /opt/airflow/dags/first_dag_1.py took 0.152 seconds
[2025-01-04T17:08:40.966+0000] {processor.py:161} INFO - Started process (PID=173) to work on /opt/airflow/dags/first_dag_1.py
[2025-01-04T17:08:40.968+0000] {processor.py:830} INFO - Processing file /opt/airflow/dags/first_dag_1.py for tasks to queue
[2025-01-04T17:08:40.970+0000] {logging_mixin.py:188} INFO - [2025-01-04T17:08:40.970+0000] {dagbag.py:545} INFO - Filling up the DagBag from /opt/airflow/dags/first_dag_1.py
[2025-01-04T17:08:40.987+0000] {processor.py:840} INFO - DAG(s) 'first_dag' retrieved from /opt/airflow/dags/first_dag_1.py
[2025-01-04T17:08:41.007+0000] {logging_mixin.py:188} INFO - [2025-01-04T17:08:41.007+0000] {dag.py:3096} INFO - Sync 1 DAGs
[2025-01-04T17:08:41.022+0000] {logging_mixin.py:188} INFO - [2025-01-04T17:08:41.022+0000] {dag.py:3954} INFO - Setting next_dagrun for first_dag to 2025-01-04 17:10:00+00:00, run_after=2025-01-05 17:10:00+00:00
[2025-01-04T17:08:41.032+0000] {processor.py:183} INFO - Processing /opt/airflow/dags/first_dag_1.py took 0.074 seconds
[2025-01-04T17:09:11.326+0000] {processor.py:161} INFO - Started process (PID=178) to work on /opt/airflow/dags/first_dag_1.py
[2025-01-04T17:09:11.329+0000] {processor.py:830} INFO - Processing file /opt/airflow/dags/first_dag_1.py for tasks to queue
[2025-01-04T17:09:11.332+0000] {logging_mixin.py:188} INFO - [2025-01-04T17:09:11.332+0000] {dagbag.py:545} INFO - Filling up the DagBag from /opt/airflow/dags/first_dag_1.py
[2025-01-04T17:09:11.359+0000] {processor.py:840} INFO - DAG(s) 'first_dag' retrieved from /opt/airflow/dags/first_dag_1.py
[2025-01-04T17:09:11.455+0000] {logging_mixin.py:188} INFO - [2025-01-04T17:09:11.455+0000] {dag.py:3096} INFO - Sync 1 DAGs
[2025-01-04T17:09:11.467+0000] {logging_mixin.py:188} INFO - [2025-01-04T17:09:11.466+0000] {dag.py:3954} INFO - Setting next_dagrun for first_dag to 2025-01-04 17:10:00+00:00, run_after=2025-01-05 17:10:00+00:00
[2025-01-04T17:09:11.477+0000] {processor.py:183} INFO - Processing /opt/airflow/dags/first_dag_1.py took 0.162 seconds
[2025-01-04T17:09:41.682+0000] {processor.py:161} INFO - Started process (PID=183) to work on /opt/airflow/dags/first_dag_1.py
[2025-01-04T17:09:41.684+0000] {processor.py:830} INFO - Processing file /opt/airflow/dags/first_dag_1.py for tasks to queue
[2025-01-04T17:09:41.688+0000] {logging_mixin.py:188} INFO - [2025-01-04T17:09:41.687+0000] {dagbag.py:545} INFO - Filling up the DagBag from /opt/airflow/dags/first_dag_1.py
[2025-01-04T17:09:41.704+0000] {processor.py:840} INFO - DAG(s) 'first_dag' retrieved from /opt/airflow/dags/first_dag_1.py
[2025-01-04T17:09:41.732+0000] {logging_mixin.py:188} INFO - [2025-01-04T17:09:41.732+0000] {dag.py:3096} INFO - Sync 1 DAGs
[2025-01-04T17:09:41.747+0000] {logging_mixin.py:188} INFO - [2025-01-04T17:09:41.747+0000] {dag.py:3954} INFO - Setting next_dagrun for first_dag to 2025-01-04 17:10:00+00:00, run_after=2025-01-05 17:10:00+00:00
[2025-01-04T17:09:41.757+0000] {processor.py:183} INFO - Processing /opt/airflow/dags/first_dag_1.py took 0.089 seconds
[2025-01-04T17:10:12.100+0000] {processor.py:161} INFO - Started process (PID=188) to work on /opt/airflow/dags/first_dag_1.py
[2025-01-04T17:10:12.102+0000] {processor.py:830} INFO - Processing file /opt/airflow/dags/first_dag_1.py for tasks to queue
[2025-01-04T17:10:12.105+0000] {logging_mixin.py:188} INFO - [2025-01-04T17:10:12.105+0000] {dagbag.py:545} INFO - Filling up the DagBag from /opt/airflow/dags/first_dag_1.py
[2025-01-04T17:10:12.116+0000] {processor.py:840} INFO - DAG(s) 'first_dag' retrieved from /opt/airflow/dags/first_dag_1.py
[2025-01-04T17:10:12.138+0000] {logging_mixin.py:188} INFO - [2025-01-04T17:10:12.138+0000] {dag.py:3096} INFO - Sync 1 DAGs
[2025-01-04T17:10:12.151+0000] {logging_mixin.py:188} INFO - [2025-01-04T17:10:12.150+0000] {dag.py:3954} INFO - Setting next_dagrun for first_dag to 2025-01-04 17:10:00+00:00, run_after=2025-01-05 17:10:00+00:00
[2025-01-04T17:10:12.159+0000] {processor.py:183} INFO - Processing /opt/airflow/dags/first_dag_1.py took 0.080 seconds
[2025-01-04T17:10:42.436+0000] {processor.py:161} INFO - Started process (PID=193) to work on /opt/airflow/dags/first_dag_1.py
[2025-01-04T17:10:42.438+0000] {processor.py:830} INFO - Processing file /opt/airflow/dags/first_dag_1.py for tasks to queue
[2025-01-04T17:10:42.441+0000] {logging_mixin.py:188} INFO - [2025-01-04T17:10:42.441+0000] {dagbag.py:545} INFO - Filling up the DagBag from /opt/airflow/dags/first_dag_1.py
[2025-01-04T17:10:42.473+0000] {processor.py:840} INFO - DAG(s) 'first_dag' retrieved from /opt/airflow/dags/first_dag_1.py
[2025-01-04T17:10:42.518+0000] {logging_mixin.py:188} INFO - [2025-01-04T17:10:42.518+0000] {dag.py:3096} INFO - Sync 1 DAGs
[2025-01-04T17:10:42.533+0000] {logging_mixin.py:188} INFO - [2025-01-04T17:10:42.533+0000] {dag.py:3954} INFO - Setting next_dagrun for first_dag to 2025-01-04 17:10:00+00:00, run_after=2025-01-05 17:10:00+00:00
[2025-01-04T17:10:42.542+0000] {processor.py:183} INFO - Processing /opt/airflow/dags/first_dag_1.py took 0.115 seconds
[2025-01-04T17:11:12.784+0000] {processor.py:161} INFO - Started process (PID=198) to work on /opt/airflow/dags/first_dag_1.py
[2025-01-04T17:11:12.786+0000] {processor.py:830} INFO - Processing file /opt/airflow/dags/first_dag_1.py for tasks to queue
[2025-01-04T17:11:12.788+0000] {logging_mixin.py:188} INFO - [2025-01-04T17:11:12.788+0000] {dagbag.py:545} INFO - Filling up the DagBag from /opt/airflow/dags/first_dag_1.py
[2025-01-04T17:11:12.811+0000] {processor.py:840} INFO - DAG(s) 'first_dag' retrieved from /opt/airflow/dags/first_dag_1.py
[2025-01-04T17:11:12.837+0000] {logging_mixin.py:188} INFO - [2025-01-04T17:11:12.836+0000] {dag.py:3096} INFO - Sync 1 DAGs
[2025-01-04T17:11:12.847+0000] {logging_mixin.py:188} INFO - [2025-01-04T17:11:12.847+0000] {dag.py:3954} INFO - Setting next_dagrun for first_dag to 2025-01-04 17:10:00+00:00, run_after=2025-01-05 17:10:00+00:00
[2025-01-04T17:11:12.855+0000] {processor.py:183} INFO - Processing /opt/airflow/dags/first_dag_1.py took 0.081 seconds
[2025-01-04T17:11:43.125+0000] {processor.py:161} INFO - Started process (PID=203) to work on /opt/airflow/dags/first_dag_1.py
[2025-01-04T17:11:43.126+0000] {processor.py:830} INFO - Processing file /opt/airflow/dags/first_dag_1.py for tasks to queue
[2025-01-04T17:11:43.128+0000] {logging_mixin.py:188} INFO - [2025-01-04T17:11:43.128+0000] {dagbag.py:545} INFO - Filling up the DagBag from /opt/airflow/dags/first_dag_1.py
[2025-01-04T17:11:43.141+0000] {processor.py:840} INFO - DAG(s) 'first_dag' retrieved from /opt/airflow/dags/first_dag_1.py
[2025-01-04T17:11:43.171+0000] {logging_mixin.py:188} INFO - [2025-01-04T17:11:43.171+0000] {dag.py:3096} INFO - Sync 1 DAGs
[2025-01-04T17:11:43.185+0000] {logging_mixin.py:188} INFO - [2025-01-04T17:11:43.185+0000] {dag.py:3954} INFO - Setting next_dagrun for first_dag to 2025-01-04 17:10:00+00:00, run_after=2025-01-05 17:10:00+00:00
[2025-01-04T17:11:43.194+0000] {processor.py:183} INFO - Processing /opt/airflow/dags/first_dag_1.py took 0.075 seconds
[2025-01-04T17:12:13.459+0000] {processor.py:161} INFO - Started process (PID=208) to work on /opt/airflow/dags/first_dag_1.py
[2025-01-04T17:12:13.460+0000] {processor.py:830} INFO - Processing file /opt/airflow/dags/first_dag_1.py for tasks to queue
[2025-01-04T17:12:13.463+0000] {logging_mixin.py:188} INFO - [2025-01-04T17:12:13.463+0000] {dagbag.py:545} INFO - Filling up the DagBag from /opt/airflow/dags/first_dag_1.py
[2025-01-04T17:12:13.482+0000] {processor.py:840} INFO - DAG(s) 'first_dag' retrieved from /opt/airflow/dags/first_dag_1.py
[2025-01-04T17:12:13.521+0000] {logging_mixin.py:188} INFO - [2025-01-04T17:12:13.521+0000] {dag.py:3096} INFO - Sync 1 DAGs
[2025-01-04T17:12:13.535+0000] {logging_mixin.py:188} INFO - [2025-01-04T17:12:13.535+0000] {dag.py:3954} INFO - Setting next_dagrun for first_dag to 2025-01-04 17:10:00+00:00, run_after=2025-01-05 17:10:00+00:00
[2025-01-04T17:12:13.544+0000] {processor.py:183} INFO - Processing /opt/airflow/dags/first_dag_1.py took 0.094 seconds
[2025-01-04T17:12:22.546+0000] {processor.py:161} INFO - Started process (PID=213) to work on /opt/airflow/dags/first_dag_1.py
[2025-01-04T17:12:22.547+0000] {processor.py:830} INFO - Processing file /opt/airflow/dags/first_dag_1.py for tasks to queue
[2025-01-04T17:12:22.548+0000] {logging_mixin.py:188} INFO - [2025-01-04T17:12:22.548+0000] {dagbag.py:545} INFO - Filling up the DagBag from /opt/airflow/dags/first_dag_1.py
[2025-01-04T17:12:22.559+0000] {processor.py:840} INFO - DAG(s) 'first_dag' retrieved from /opt/airflow/dags/first_dag_1.py
[2025-01-04T17:12:22.629+0000] {logging_mixin.py:188} INFO - [2025-01-04T17:12:22.629+0000] {dag.py:3096} INFO - Sync 1 DAGs
[2025-01-04T17:12:22.638+0000] {logging_mixin.py:188} INFO - [2025-01-04T17:12:22.637+0000] {dag.py:3954} INFO - Setting next_dagrun for first_dag to 2025-01-04 20:10:00+00:00, run_after=2025-01-05 20:10:00+00:00
[2025-01-04T17:12:22.646+0000] {processor.py:183} INFO - Processing /opt/airflow/dags/first_dag_1.py took 0.106 seconds
[2025-01-04T17:12:52.952+0000] {processor.py:161} INFO - Started process (PID=218) to work on /opt/airflow/dags/first_dag_1.py
[2025-01-04T17:12:52.953+0000] {processor.py:830} INFO - Processing file /opt/airflow/dags/first_dag_1.py for tasks to queue
[2025-01-04T17:12:52.959+0000] {logging_mixin.py:188} INFO - [2025-01-04T17:12:52.958+0000] {dagbag.py:545} INFO - Filling up the DagBag from /opt/airflow/dags/first_dag_1.py
[2025-01-04T17:12:52.980+0000] {processor.py:840} INFO - DAG(s) 'first_dag' retrieved from /opt/airflow/dags/first_dag_1.py
[2025-01-04T17:12:53.019+0000] {logging_mixin.py:188} INFO - [2025-01-04T17:12:53.019+0000] {dag.py:3096} INFO - Sync 1 DAGs
[2025-01-04T17:12:53.035+0000] {logging_mixin.py:188} INFO - [2025-01-04T17:12:53.035+0000] {dag.py:3954} INFO - Setting next_dagrun for first_dag to 2025-01-04 20:10:00+00:00, run_after=2025-01-05 20:10:00+00:00
[2025-01-04T17:12:53.044+0000] {processor.py:183} INFO - Processing /opt/airflow/dags/first_dag_1.py took 0.099 seconds
[2025-01-04T17:13:12.191+0000] {processor.py:161} INFO - Started process (PID=223) to work on /opt/airflow/dags/first_dag_1.py
[2025-01-04T17:13:12.192+0000] {processor.py:830} INFO - Processing file /opt/airflow/dags/first_dag_1.py for tasks to queue
[2025-01-04T17:13:12.195+0000] {logging_mixin.py:188} INFO - [2025-01-04T17:13:12.194+0000] {dagbag.py:545} INFO - Filling up the DagBag from /opt/airflow/dags/first_dag_1.py
[2025-01-04T17:13:12.209+0000] {processor.py:840} INFO - DAG(s) 'first_dag' retrieved from /opt/airflow/dags/first_dag_1.py
[2025-01-04T17:13:12.278+0000] {logging_mixin.py:188} INFO - [2025-01-04T17:13:12.278+0000] {dag.py:3096} INFO - Sync 1 DAGs
[2025-01-04T17:13:12.287+0000] {logging_mixin.py:188} INFO - [2025-01-04T17:13:12.287+0000] {dag.py:3954} INFO - Setting next_dagrun for first_dag to 2025-01-04 17:14:00+00:00, run_after=2025-01-05 17:14:00+00:00
[2025-01-04T17:13:12.295+0000] {processor.py:183} INFO - Processing /opt/airflow/dags/first_dag_1.py took 0.112 seconds
[2025-01-04T17:13:42.571+0000] {processor.py:161} INFO - Started process (PID=228) to work on /opt/airflow/dags/first_dag_1.py
[2025-01-04T17:13:42.573+0000] {processor.py:830} INFO - Processing file /opt/airflow/dags/first_dag_1.py for tasks to queue
[2025-01-04T17:13:42.578+0000] {logging_mixin.py:188} INFO - [2025-01-04T17:13:42.577+0000] {dagbag.py:545} INFO - Filling up the DagBag from /opt/airflow/dags/first_dag_1.py
[2025-01-04T17:13:42.603+0000] {processor.py:840} INFO - DAG(s) 'first_dag' retrieved from /opt/airflow/dags/first_dag_1.py
[2025-01-04T17:13:42.629+0000] {logging_mixin.py:188} INFO - [2025-01-04T17:13:42.629+0000] {dag.py:3096} INFO - Sync 1 DAGs
[2025-01-04T17:13:42.641+0000] {logging_mixin.py:188} INFO - [2025-01-04T17:13:42.641+0000] {dag.py:3954} INFO - Setting next_dagrun for first_dag to 2025-01-04 17:14:00+00:00, run_after=2025-01-05 17:14:00+00:00
[2025-01-04T17:13:42.649+0000] {processor.py:183} INFO - Processing /opt/airflow/dags/first_dag_1.py took 0.090 seconds
[2025-01-04T17:14:12.882+0000] {processor.py:161} INFO - Started process (PID=233) to work on /opt/airflow/dags/first_dag_1.py
[2025-01-04T17:14:12.883+0000] {processor.py:830} INFO - Processing file /opt/airflow/dags/first_dag_1.py for tasks to queue
[2025-01-04T17:14:12.885+0000] {logging_mixin.py:188} INFO - [2025-01-04T17:14:12.884+0000] {dagbag.py:545} INFO - Filling up the DagBag from /opt/airflow/dags/first_dag_1.py
[2025-01-04T17:14:12.895+0000] {processor.py:840} INFO - DAG(s) 'first_dag' retrieved from /opt/airflow/dags/first_dag_1.py
[2025-01-04T17:14:12.914+0000] {logging_mixin.py:188} INFO - [2025-01-04T17:14:12.913+0000] {dag.py:3096} INFO - Sync 1 DAGs
[2025-01-04T17:14:12.925+0000] {logging_mixin.py:188} INFO - [2025-01-04T17:14:12.925+0000] {dag.py:3954} INFO - Setting next_dagrun for first_dag to 2025-01-04 17:14:00+00:00, run_after=2025-01-05 17:14:00+00:00
[2025-01-04T17:14:12.933+0000] {processor.py:183} INFO - Processing /opt/airflow/dags/first_dag_1.py took 0.058 seconds
[2025-01-04T17:14:43.254+0000] {processor.py:161} INFO - Started process (PID=238) to work on /opt/airflow/dags/first_dag_1.py
[2025-01-04T17:14:43.255+0000] {processor.py:830} INFO - Processing file /opt/airflow/dags/first_dag_1.py for tasks to queue
[2025-01-04T17:14:43.260+0000] {logging_mixin.py:188} INFO - [2025-01-04T17:14:43.259+0000] {dagbag.py:545} INFO - Filling up the DagBag from /opt/airflow/dags/first_dag_1.py
[2025-01-04T17:14:43.291+0000] {processor.py:840} INFO - DAG(s) 'first_dag' retrieved from /opt/airflow/dags/first_dag_1.py
[2025-01-04T17:14:43.326+0000] {logging_mixin.py:188} INFO - [2025-01-04T17:14:43.326+0000] {dag.py:3096} INFO - Sync 1 DAGs
[2025-01-04T17:14:43.343+0000] {logging_mixin.py:188} INFO - [2025-01-04T17:14:43.343+0000] {dag.py:3954} INFO - Setting next_dagrun for first_dag to 2025-01-04 17:14:00+00:00, run_after=2025-01-05 17:14:00+00:00
[2025-01-04T17:14:43.352+0000] {processor.py:183} INFO - Processing /opt/airflow/dags/first_dag_1.py took 0.109 seconds
[2025-01-04T17:15:13.535+0000] {processor.py:161} INFO - Started process (PID=243) to work on /opt/airflow/dags/first_dag_1.py
[2025-01-04T17:15:13.537+0000] {processor.py:830} INFO - Processing file /opt/airflow/dags/first_dag_1.py for tasks to queue
[2025-01-04T17:15:13.539+0000] {logging_mixin.py:188} INFO - [2025-01-04T17:15:13.538+0000] {dagbag.py:545} INFO - Filling up the DagBag from /opt/airflow/dags/first_dag_1.py
[2025-01-04T17:15:13.552+0000] {processor.py:840} INFO - DAG(s) 'first_dag' retrieved from /opt/airflow/dags/first_dag_1.py
[2025-01-04T17:15:13.572+0000] {logging_mixin.py:188} INFO - [2025-01-04T17:15:13.572+0000] {dag.py:3096} INFO - Sync 1 DAGs
[2025-01-04T17:15:13.582+0000] {logging_mixin.py:188} INFO - [2025-01-04T17:15:13.582+0000] {dag.py:3954} INFO - Setting next_dagrun for first_dag to 2025-01-04 17:14:00+00:00, run_after=2025-01-05 17:14:00+00:00
[2025-01-04T17:15:13.590+0000] {processor.py:183} INFO - Processing /opt/airflow/dags/first_dag_1.py took 0.061 seconds
[2025-01-04T17:15:43.920+0000] {processor.py:161} INFO - Started process (PID=248) to work on /opt/airflow/dags/first_dag_1.py
[2025-01-04T17:15:43.921+0000] {processor.py:830} INFO - Processing file /opt/airflow/dags/first_dag_1.py for tasks to queue
[2025-01-04T17:15:43.923+0000] {logging_mixin.py:188} INFO - [2025-01-04T17:15:43.922+0000] {dagbag.py:545} INFO - Filling up the DagBag from /opt/airflow/dags/first_dag_1.py
[2025-01-04T17:15:43.935+0000] {processor.py:840} INFO - DAG(s) 'first_dag' retrieved from /opt/airflow/dags/first_dag_1.py
[2025-01-04T17:15:43.955+0000] {logging_mixin.py:188} INFO - [2025-01-04T17:15:43.955+0000] {dag.py:3096} INFO - Sync 1 DAGs
[2025-01-04T17:15:43.965+0000] {logging_mixin.py:188} INFO - [2025-01-04T17:15:43.965+0000] {dag.py:3954} INFO - Setting next_dagrun for first_dag to 2025-01-04 17:14:00+00:00, run_after=2025-01-05 17:14:00+00:00
[2025-01-04T17:15:43.972+0000] {processor.py:183} INFO - Processing /opt/airflow/dags/first_dag_1.py took 0.058 seconds
[2025-01-04T17:16:02.121+0000] {processor.py:161} INFO - Started process (PID=253) to work on /opt/airflow/dags/first_dag_1.py
[2025-01-04T17:16:02.122+0000] {processor.py:830} INFO - Processing file /opt/airflow/dags/first_dag_1.py for tasks to queue
[2025-01-04T17:16:02.124+0000] {logging_mixin.py:188} INFO - [2025-01-04T17:16:02.124+0000] {dagbag.py:545} INFO - Filling up the DagBag from /opt/airflow/dags/first_dag_1.py
[2025-01-04T17:16:02.146+0000] {processor.py:840} INFO - DAG(s) 'first_dag' retrieved from /opt/airflow/dags/first_dag_1.py
[2025-01-04T17:16:02.230+0000] {logging_mixin.py:188} INFO - [2025-01-04T17:16:02.230+0000] {dag.py:3096} INFO - Sync 1 DAGs
[2025-01-04T17:16:02.241+0000] {logging_mixin.py:188} INFO - [2025-01-04T17:16:02.241+0000] {dag.py:3954} INFO - Setting next_dagrun for first_dag to 2025-01-04 17:14:00+00:00, run_after=2025-01-05 17:14:00+00:00
[2025-01-04T17:16:02.250+0000] {processor.py:183} INFO - Processing /opt/airflow/dags/first_dag_1.py took 0.138 seconds
[2025-01-04T17:16:04.150+0000] {processor.py:161} INFO - Started process (PID=258) to work on /opt/airflow/dags/first_dag_1.py
[2025-01-04T17:16:04.151+0000] {processor.py:830} INFO - Processing file /opt/airflow/dags/first_dag_1.py for tasks to queue
[2025-01-04T17:16:04.153+0000] {logging_mixin.py:188} INFO - [2025-01-04T17:16:04.153+0000] {dagbag.py:545} INFO - Filling up the DagBag from /opt/airflow/dags/first_dag_1.py
[2025-01-04T17:16:04.165+0000] {processor.py:840} INFO - DAG(s) 'first_dag' retrieved from /opt/airflow/dags/first_dag_1.py
[2025-01-04T17:16:04.175+0000] {logging_mixin.py:188} INFO - [2025-01-04T17:16:04.175+0000] {dag.py:3096} INFO - Sync 1 DAGs
[2025-01-04T17:16:04.187+0000] {logging_mixin.py:188} INFO - [2025-01-04T17:16:04.187+0000] {dag.py:3954} INFO - Setting next_dagrun for first_dag to 2025-01-04 17:14:00+00:00, run_after=2025-01-05 17:14:00+00:00
[2025-01-04T17:16:04.196+0000] {processor.py:183} INFO - Processing /opt/airflow/dags/first_dag_1.py took 0.052 seconds
[2025-01-04T17:16:20.347+0000] {processor.py:161} INFO - Started process (PID=263) to work on /opt/airflow/dags/first_dag_1.py
[2025-01-04T17:16:20.348+0000] {processor.py:830} INFO - Processing file /opt/airflow/dags/first_dag_1.py for tasks to queue
[2025-01-04T17:16:20.351+0000] {logging_mixin.py:188} INFO - [2025-01-04T17:16:20.351+0000] {dagbag.py:545} INFO - Filling up the DagBag from /opt/airflow/dags/first_dag_1.py
[2025-01-04T17:16:20.363+0000] {processor.py:840} INFO - DAG(s) 'first_dag' retrieved from /opt/airflow/dags/first_dag_1.py
[2025-01-04T17:16:20.380+0000] {logging_mixin.py:188} INFO - [2025-01-04T17:16:20.380+0000] {dag.py:3096} INFO - Sync 1 DAGs
[2025-01-04T17:16:20.392+0000] {logging_mixin.py:188} INFO - [2025-01-04T17:16:20.392+0000] {dag.py:3954} INFO - Setting next_dagrun for first_dag to 2025-01-04 17:17:00+00:00, run_after=2025-01-05 17:17:00+00:00
[2025-01-04T17:16:20.400+0000] {processor.py:183} INFO - Processing /opt/airflow/dags/first_dag_1.py took 0.060 seconds
[2025-01-04T17:16:50.656+0000] {processor.py:161} INFO - Started process (PID=268) to work on /opt/airflow/dags/first_dag_1.py
[2025-01-04T17:16:50.657+0000] {processor.py:830} INFO - Processing file /opt/airflow/dags/first_dag_1.py for tasks to queue
[2025-01-04T17:16:50.660+0000] {logging_mixin.py:188} INFO - [2025-01-04T17:16:50.660+0000] {dagbag.py:545} INFO - Filling up the DagBag from /opt/airflow/dags/first_dag_1.py
[2025-01-04T17:16:50.680+0000] {processor.py:840} INFO - DAG(s) 'first_dag' retrieved from /opt/airflow/dags/first_dag_1.py
[2025-01-04T17:16:50.766+0000] {logging_mixin.py:188} INFO - [2025-01-04T17:16:50.765+0000] {dag.py:3096} INFO - Sync 1 DAGs
[2025-01-04T17:16:50.776+0000] {logging_mixin.py:188} INFO - [2025-01-04T17:16:50.776+0000] {dag.py:3954} INFO - Setting next_dagrun for first_dag to 2025-01-04 17:17:00+00:00, run_after=2025-01-05 17:17:00+00:00
[2025-01-04T17:16:50.785+0000] {processor.py:183} INFO - Processing /opt/airflow/dags/first_dag_1.py took 0.135 seconds
[2025-01-04T17:17:21.005+0000] {processor.py:161} INFO - Started process (PID=273) to work on /opt/airflow/dags/first_dag_1.py
[2025-01-04T17:17:21.007+0000] {processor.py:830} INFO - Processing file /opt/airflow/dags/first_dag_1.py for tasks to queue
[2025-01-04T17:17:21.012+0000] {logging_mixin.py:188} INFO - [2025-01-04T17:17:21.011+0000] {dagbag.py:545} INFO - Filling up the DagBag from /opt/airflow/dags/first_dag_1.py
[2025-01-04T17:17:21.029+0000] {processor.py:840} INFO - DAG(s) 'first_dag' retrieved from /opt/airflow/dags/first_dag_1.py
[2025-01-04T17:17:21.055+0000] {logging_mixin.py:188} INFO - [2025-01-04T17:17:21.055+0000] {dag.py:3096} INFO - Sync 1 DAGs
[2025-01-04T17:17:21.068+0000] {logging_mixin.py:188} INFO - [2025-01-04T17:17:21.068+0000] {dag.py:3954} INFO - Setting next_dagrun for first_dag to 2025-01-04 17:17:00+00:00, run_after=2025-01-05 17:17:00+00:00
[2025-01-04T17:17:21.077+0000] {processor.py:183} INFO - Processing /opt/airflow/dags/first_dag_1.py took 0.086 seconds
[2025-01-04T17:17:37.234+0000] {processor.py:161} INFO - Started process (PID=278) to work on /opt/airflow/dags/first_dag_1.py
[2025-01-04T17:17:37.236+0000] {processor.py:830} INFO - Processing file /opt/airflow/dags/first_dag_1.py for tasks to queue
[2025-01-04T17:17:37.239+0000] {logging_mixin.py:188} INFO - [2025-01-04T17:17:37.238+0000] {dagbag.py:545} INFO - Filling up the DagBag from /opt/airflow/dags/first_dag_1.py
[2025-01-04T17:17:37.250+0000] {processor.py:840} INFO - DAG(s) 'first_dag' retrieved from /opt/airflow/dags/first_dag_1.py
[2025-01-04T17:17:37.328+0000] {logging_mixin.py:188} INFO - [2025-01-04T17:17:37.328+0000] {dag.py:3096} INFO - Sync 1 DAGs
[2025-01-04T17:17:37.337+0000] {logging_mixin.py:188} INFO - [2025-01-04T17:17:37.337+0000] {dag.py:3954} INFO - Setting next_dagrun for first_dag to 2025-01-04 17:18:00+00:00, run_after=2025-01-05 17:18:00+00:00
[2025-01-04T17:17:37.345+0000] {processor.py:183} INFO - Processing /opt/airflow/dags/first_dag_1.py took 0.116 seconds
[2025-01-04T17:17:54.856+0000] {processor.py:161} INFO - Started process (PID=168) to work on /opt/airflow/dags/first_dag_1.py
[2025-01-04T17:17:54.859+0000] {processor.py:830} INFO - Processing file /opt/airflow/dags/first_dag_1.py for tasks to queue
[2025-01-04T17:17:54.862+0000] {logging_mixin.py:188} INFO - [2025-01-04T17:17:54.862+0000] {dagbag.py:545} INFO - Filling up the DagBag from /opt/airflow/dags/first_dag_1.py
[2025-01-04T17:17:54.878+0000] {processor.py:840} INFO - DAG(s) 'first_dag' retrieved from /opt/airflow/dags/first_dag_1.py
[2025-01-04T17:17:54.899+0000] {logging_mixin.py:188} INFO - [2025-01-04T17:17:54.898+0000] {dag.py:3096} INFO - Sync 1 DAGs
[2025-01-04T17:17:54.913+0000] {logging_mixin.py:188} INFO - [2025-01-04T17:17:54.913+0000] {dag.py:3954} INFO - Setting next_dagrun for first_dag to 2025-01-04 17:18:00+00:00, run_after=2025-01-05 17:18:00+00:00
[2025-01-04T17:17:54.922+0000] {processor.py:183} INFO - Processing /opt/airflow/dags/first_dag_1.py took 0.069 seconds
[2025-01-04T17:18:25.135+0000] {processor.py:161} INFO - Started process (PID=173) to work on /opt/airflow/dags/first_dag_1.py
[2025-01-04T17:18:25.136+0000] {processor.py:830} INFO - Processing file /opt/airflow/dags/first_dag_1.py for tasks to queue
[2025-01-04T17:18:25.140+0000] {logging_mixin.py:188} INFO - [2025-01-04T17:18:25.139+0000] {dagbag.py:545} INFO - Filling up the DagBag from /opt/airflow/dags/first_dag_1.py
[2025-01-04T17:18:25.161+0000] {processor.py:840} INFO - DAG(s) 'first_dag' retrieved from /opt/airflow/dags/first_dag_1.py
[2025-01-04T17:18:25.199+0000] {logging_mixin.py:188} INFO - [2025-01-04T17:18:25.199+0000] {dag.py:3096} INFO - Sync 1 DAGs
[2025-01-04T17:18:25.215+0000] {logging_mixin.py:188} INFO - [2025-01-04T17:18:25.214+0000] {dag.py:3954} INFO - Setting next_dagrun for first_dag to 2025-01-04 17:18:00+00:00, run_after=2025-01-05 17:18:00+00:00
[2025-01-04T17:18:25.222+0000] {processor.py:183} INFO - Processing /opt/airflow/dags/first_dag_1.py took 0.098 seconds
[2025-01-04T17:18:55.410+0000] {processor.py:161} INFO - Started process (PID=180) to work on /opt/airflow/dags/first_dag_1.py
[2025-01-04T17:18:55.411+0000] {processor.py:830} INFO - Processing file /opt/airflow/dags/first_dag_1.py for tasks to queue
[2025-01-04T17:18:55.413+0000] {logging_mixin.py:188} INFO - [2025-01-04T17:18:55.412+0000] {dagbag.py:545} INFO - Filling up the DagBag from /opt/airflow/dags/first_dag_1.py
[2025-01-04T17:18:55.423+0000] {processor.py:840} INFO - DAG(s) 'first_dag' retrieved from /opt/airflow/dags/first_dag_1.py
[2025-01-04T17:18:55.444+0000] {logging_mixin.py:188} INFO - [2025-01-04T17:18:55.444+0000] {dag.py:3096} INFO - Sync 1 DAGs
[2025-01-04T17:18:55.454+0000] {logging_mixin.py:188} INFO - [2025-01-04T17:18:55.454+0000] {dag.py:3954} INFO - Setting next_dagrun for first_dag to 2025-01-04 17:18:00+00:00, run_after=2025-01-05 17:18:00+00:00
[2025-01-04T17:18:55.462+0000] {processor.py:183} INFO - Processing /opt/airflow/dags/first_dag_1.py took 0.057 seconds
[2025-01-04T17:19:25.759+0000] {processor.py:161} INFO - Started process (PID=185) to work on /opt/airflow/dags/first_dag_1.py
[2025-01-04T17:19:25.760+0000] {processor.py:830} INFO - Processing file /opt/airflow/dags/first_dag_1.py for tasks to queue
[2025-01-04T17:19:25.762+0000] {logging_mixin.py:188} INFO - [2025-01-04T17:19:25.762+0000] {dagbag.py:545} INFO - Filling up the DagBag from /opt/airflow/dags/first_dag_1.py
[2025-01-04T17:19:25.775+0000] {processor.py:840} INFO - DAG(s) 'first_dag' retrieved from /opt/airflow/dags/first_dag_1.py
[2025-01-04T17:19:25.797+0000] {logging_mixin.py:188} INFO - [2025-01-04T17:19:25.797+0000] {dag.py:3096} INFO - Sync 1 DAGs
[2025-01-04T17:19:25.808+0000] {logging_mixin.py:188} INFO - [2025-01-04T17:19:25.808+0000] {dag.py:3954} INFO - Setting next_dagrun for first_dag to 2025-01-04 17:18:00+00:00, run_after=2025-01-05 17:18:00+00:00
[2025-01-04T17:19:25.816+0000] {processor.py:183} INFO - Processing /opt/airflow/dags/first_dag_1.py took 0.063 seconds
[2025-01-04T17:19:56.087+0000] {processor.py:161} INFO - Started process (PID=190) to work on /opt/airflow/dags/first_dag_1.py
[2025-01-04T17:19:56.088+0000] {processor.py:830} INFO - Processing file /opt/airflow/dags/first_dag_1.py for tasks to queue
[2025-01-04T17:19:56.091+0000] {logging_mixin.py:188} INFO - [2025-01-04T17:19:56.090+0000] {dagbag.py:545} INFO - Filling up the DagBag from /opt/airflow/dags/first_dag_1.py
[2025-01-04T17:19:56.108+0000] {processor.py:840} INFO - DAG(s) 'first_dag' retrieved from /opt/airflow/dags/first_dag_1.py
[2025-01-04T17:19:56.134+0000] {logging_mixin.py:188} INFO - [2025-01-04T17:19:56.134+0000] {dag.py:3096} INFO - Sync 1 DAGs
[2025-01-04T17:19:56.148+0000] {logging_mixin.py:188} INFO - [2025-01-04T17:19:56.148+0000] {dag.py:3954} INFO - Setting next_dagrun for first_dag to 2025-01-04 17:18:00+00:00, run_after=2025-01-05 17:18:00+00:00
[2025-01-04T17:19:56.157+0000] {processor.py:183} INFO - Processing /opt/airflow/dags/first_dag_1.py took 0.078 seconds
[2025-01-04T17:20:26.364+0000] {processor.py:161} INFO - Started process (PID=195) to work on /opt/airflow/dags/first_dag_1.py
[2025-01-04T17:20:26.365+0000] {processor.py:830} INFO - Processing file /opt/airflow/dags/first_dag_1.py for tasks to queue
[2025-01-04T17:20:26.366+0000] {logging_mixin.py:188} INFO - [2025-01-04T17:20:26.366+0000] {dagbag.py:545} INFO - Filling up the DagBag from /opt/airflow/dags/first_dag_1.py
[2025-01-04T17:20:26.376+0000] {processor.py:840} INFO - DAG(s) 'first_dag' retrieved from /opt/airflow/dags/first_dag_1.py
[2025-01-04T17:20:26.399+0000] {logging_mixin.py:188} INFO - [2025-01-04T17:20:26.399+0000] {dag.py:3096} INFO - Sync 1 DAGs
[2025-01-04T17:20:26.413+0000] {logging_mixin.py:188} INFO - [2025-01-04T17:20:26.413+0000] {dag.py:3954} INFO - Setting next_dagrun for first_dag to 2025-01-04 17:18:00+00:00, run_after=2025-01-05 17:18:00+00:00
[2025-01-04T17:20:26.421+0000] {processor.py:183} INFO - Processing /opt/airflow/dags/first_dag_1.py took 0.061 seconds
[2025-01-04T17:20:38.486+0000] {processor.py:161} INFO - Started process (PID=200) to work on /opt/airflow/dags/first_dag_1.py
[2025-01-04T17:20:38.487+0000] {processor.py:830} INFO - Processing file /opt/airflow/dags/first_dag_1.py for tasks to queue
[2025-01-04T17:20:38.489+0000] {logging_mixin.py:188} INFO - [2025-01-04T17:20:38.488+0000] {dagbag.py:545} INFO - Filling up the DagBag from /opt/airflow/dags/first_dag_1.py
[2025-01-04T17:20:38.502+0000] {processor.py:840} INFO - DAG(s) 'first_dag' retrieved from /opt/airflow/dags/first_dag_1.py
[2025-01-04T17:20:38.630+0000] {logging_mixin.py:188} INFO - [2025-01-04T17:20:38.629+0000] {dag.py:3096} INFO - Sync 1 DAGs
[2025-01-04T17:20:38.638+0000] {logging_mixin.py:188} INFO - [2025-01-04T17:20:38.638+0000] {dag.py:3954} INFO - Setting next_dagrun for first_dag to 2025-01-04 17:22:00+00:00, run_after=2025-01-05 17:22:00+00:00
[2025-01-04T17:20:38.647+0000] {processor.py:183} INFO - Processing /opt/airflow/dags/first_dag_1.py took 0.166 seconds
[2025-01-04T17:21:08.876+0000] {processor.py:161} INFO - Started process (PID=205) to work on /opt/airflow/dags/first_dag_1.py
[2025-01-04T17:21:08.878+0000] {processor.py:830} INFO - Processing file /opt/airflow/dags/first_dag_1.py for tasks to queue
[2025-01-04T17:21:08.883+0000] {logging_mixin.py:188} INFO - [2025-01-04T17:21:08.882+0000] {dagbag.py:545} INFO - Filling up the DagBag from /opt/airflow/dags/first_dag_1.py
[2025-01-04T17:21:08.905+0000] {processor.py:840} INFO - DAG(s) 'first_dag' retrieved from /opt/airflow/dags/first_dag_1.py
[2025-01-04T17:21:08.940+0000] {logging_mixin.py:188} INFO - [2025-01-04T17:21:08.940+0000] {dag.py:3096} INFO - Sync 1 DAGs
[2025-01-04T17:21:08.961+0000] {logging_mixin.py:188} INFO - [2025-01-04T17:21:08.961+0000] {dag.py:3954} INFO - Setting next_dagrun for first_dag to 2025-01-04 17:22:00+00:00, run_after=2025-01-05 17:22:00+00:00
[2025-01-04T17:21:08.971+0000] {processor.py:183} INFO - Processing /opt/airflow/dags/first_dag_1.py took 0.110 seconds
[2025-01-04T17:21:39.268+0000] {processor.py:161} INFO - Started process (PID=210) to work on /opt/airflow/dags/first_dag_1.py
[2025-01-04T17:21:39.269+0000] {processor.py:830} INFO - Processing file /opt/airflow/dags/first_dag_1.py for tasks to queue
[2025-01-04T17:21:39.271+0000] {logging_mixin.py:188} INFO - [2025-01-04T17:21:39.271+0000] {dagbag.py:545} INFO - Filling up the DagBag from /opt/airflow/dags/first_dag_1.py
[2025-01-04T17:21:39.284+0000] {processor.py:840} INFO - DAG(s) 'first_dag' retrieved from /opt/airflow/dags/first_dag_1.py
[2025-01-04T17:21:39.308+0000] {logging_mixin.py:188} INFO - [2025-01-04T17:21:39.308+0000] {dag.py:3096} INFO - Sync 1 DAGs
[2025-01-04T17:21:39.320+0000] {logging_mixin.py:188} INFO - [2025-01-04T17:21:39.320+0000] {dag.py:3954} INFO - Setting next_dagrun for first_dag to 2025-01-04 17:22:00+00:00, run_after=2025-01-05 17:22:00+00:00
[2025-01-04T17:21:39.328+0000] {processor.py:183} INFO - Processing /opt/airflow/dags/first_dag_1.py took 0.065 seconds
[2025-01-04T17:22:09.592+0000] {processor.py:161} INFO - Started process (PID=215) to work on /opt/airflow/dags/first_dag_1.py
[2025-01-04T17:22:09.593+0000] {processor.py:830} INFO - Processing file /opt/airflow/dags/first_dag_1.py for tasks to queue
[2025-01-04T17:22:09.595+0000] {logging_mixin.py:188} INFO - [2025-01-04T17:22:09.594+0000] {dagbag.py:545} INFO - Filling up the DagBag from /opt/airflow/dags/first_dag_1.py
[2025-01-04T17:22:09.608+0000] {processor.py:840} INFO - DAG(s) 'first_dag' retrieved from /opt/airflow/dags/first_dag_1.py
[2025-01-04T17:22:09.632+0000] {logging_mixin.py:188} INFO - [2025-01-04T17:22:09.632+0000] {dag.py:3096} INFO - Sync 1 DAGs
[2025-01-04T17:22:09.649+0000] {logging_mixin.py:188} INFO - [2025-01-04T17:22:09.649+0000] {dag.py:3954} INFO - Setting next_dagrun for first_dag to 2025-01-04 17:22:00+00:00, run_after=2025-01-05 17:22:00+00:00
[2025-01-04T17:22:09.658+0000] {processor.py:183} INFO - Processing /opt/airflow/dags/first_dag_1.py took 0.074 seconds
[2025-01-04T17:22:30.867+0000] {processor.py:161} INFO - Started process (PID=220) to work on /opt/airflow/dags/first_dag_1.py
[2025-01-04T17:22:30.868+0000] {processor.py:830} INFO - Processing file /opt/airflow/dags/first_dag_1.py for tasks to queue
[2025-01-04T17:22:30.871+0000] {logging_mixin.py:188} INFO - [2025-01-04T17:22:30.870+0000] {dagbag.py:545} INFO - Filling up the DagBag from /opt/airflow/dags/first_dag_1.py
[2025-01-04T17:22:30.881+0000] {processor.py:840} INFO - DAG(s) 'first_dag' retrieved from /opt/airflow/dags/first_dag_1.py
[2025-01-04T17:22:30.954+0000] {logging_mixin.py:188} INFO - [2025-01-04T17:22:30.954+0000] {dag.py:3096} INFO - Sync 1 DAGs
[2025-01-04T17:22:30.964+0000] {logging_mixin.py:188} INFO - [2025-01-04T17:22:30.964+0000] {dag.py:3954} INFO - Setting next_dagrun for first_dag to 2025-01-02 17:24:00+00:00, run_after=2025-01-03 17:24:00+00:00
[2025-01-04T17:22:30.974+0000] {processor.py:183} INFO - Processing /opt/airflow/dags/first_dag_1.py took 0.112 seconds
[2025-01-04T17:23:01.221+0000] {processor.py:161} INFO - Started process (PID=227) to work on /opt/airflow/dags/first_dag_1.py
[2025-01-04T17:23:01.223+0000] {processor.py:830} INFO - Processing file /opt/airflow/dags/first_dag_1.py for tasks to queue
[2025-01-04T17:23:01.226+0000] {logging_mixin.py:188} INFO - [2025-01-04T17:23:01.226+0000] {dagbag.py:545} INFO - Filling up the DagBag from /opt/airflow/dags/first_dag_1.py
[2025-01-04T17:23:01.243+0000] {processor.py:840} INFO - DAG(s) 'first_dag' retrieved from /opt/airflow/dags/first_dag_1.py
[2025-01-04T17:23:01.267+0000] {logging_mixin.py:188} INFO - [2025-01-04T17:23:01.267+0000] {dag.py:3096} INFO - Sync 1 DAGs
[2025-01-04T17:23:01.278+0000] {logging_mixin.py:188} INFO - [2025-01-04T17:23:01.278+0000] {dag.py:3954} INFO - Setting next_dagrun for first_dag to 2025-01-03 17:24:00+00:00, run_after=2025-01-04 17:24:00+00:00
[2025-01-04T17:23:01.285+0000] {processor.py:183} INFO - Processing /opt/airflow/dags/first_dag_1.py took 0.073 seconds
[2025-01-04T17:23:31.601+0000] {processor.py:161} INFO - Started process (PID=232) to work on /opt/airflow/dags/first_dag_1.py
[2025-01-04T17:23:31.602+0000] {processor.py:830} INFO - Processing file /opt/airflow/dags/first_dag_1.py for tasks to queue
[2025-01-04T17:23:31.603+0000] {logging_mixin.py:188} INFO - [2025-01-04T17:23:31.603+0000] {dagbag.py:545} INFO - Filling up the DagBag from /opt/airflow/dags/first_dag_1.py
[2025-01-04T17:23:31.613+0000] {processor.py:840} INFO - DAG(s) 'first_dag' retrieved from /opt/airflow/dags/first_dag_1.py
[2025-01-04T17:23:31.631+0000] {logging_mixin.py:188} INFO - [2025-01-04T17:23:31.631+0000] {dag.py:3096} INFO - Sync 1 DAGs
[2025-01-04T17:23:31.641+0000] {logging_mixin.py:188} INFO - [2025-01-04T17:23:31.641+0000] {dag.py:3954} INFO - Setting next_dagrun for first_dag to 2025-01-03 17:24:00+00:00, run_after=2025-01-04 17:24:00+00:00
[2025-01-04T17:23:31.649+0000] {processor.py:183} INFO - Processing /opt/airflow/dags/first_dag_1.py took 0.053 seconds
[2025-01-04T17:24:01.940+0000] {processor.py:161} INFO - Started process (PID=239) to work on /opt/airflow/dags/first_dag_1.py
[2025-01-04T17:24:01.942+0000] {processor.py:830} INFO - Processing file /opt/airflow/dags/first_dag_1.py for tasks to queue
[2025-01-04T17:24:01.945+0000] {logging_mixin.py:188} INFO - [2025-01-04T17:24:01.944+0000] {dagbag.py:545} INFO - Filling up the DagBag from /opt/airflow/dags/first_dag_1.py
[2025-01-04T17:24:01.958+0000] {processor.py:840} INFO - DAG(s) 'first_dag' retrieved from /opt/airflow/dags/first_dag_1.py
[2025-01-04T17:24:01.983+0000] {logging_mixin.py:188} INFO - [2025-01-04T17:24:01.983+0000] {dag.py:3096} INFO - Sync 1 DAGs
[2025-01-04T17:24:01.995+0000] {logging_mixin.py:188} INFO - [2025-01-04T17:24:01.995+0000] {dag.py:3954} INFO - Setting next_dagrun for first_dag to 2025-01-04 17:24:00+00:00, run_after=2025-01-05 17:24:00+00:00
[2025-01-04T17:24:02.005+0000] {processor.py:183} INFO - Processing /opt/airflow/dags/first_dag_1.py took 0.072 seconds
[2025-01-04T17:24:32.239+0000] {processor.py:161} INFO - Started process (PID=244) to work on /opt/airflow/dags/first_dag_1.py
[2025-01-04T17:24:32.245+0000] {processor.py:830} INFO - Processing file /opt/airflow/dags/first_dag_1.py for tasks to queue
[2025-01-04T17:24:32.250+0000] {logging_mixin.py:188} INFO - [2025-01-04T17:24:32.249+0000] {dagbag.py:545} INFO - Filling up the DagBag from /opt/airflow/dags/first_dag_1.py
[2025-01-04T17:24:32.273+0000] {processor.py:840} INFO - DAG(s) 'first_dag' retrieved from /opt/airflow/dags/first_dag_1.py
[2025-01-04T17:24:32.299+0000] {logging_mixin.py:188} INFO - [2025-01-04T17:24:32.298+0000] {dag.py:3096} INFO - Sync 1 DAGs
[2025-01-04T17:24:32.313+0000] {logging_mixin.py:188} INFO - [2025-01-04T17:24:32.313+0000] {dag.py:3954} INFO - Setting next_dagrun for first_dag to 2025-01-04 17:24:00+00:00, run_after=2025-01-05 17:24:00+00:00
[2025-01-04T17:24:32.322+0000] {processor.py:183} INFO - Processing /opt/airflow/dags/first_dag_1.py took 0.098 seconds
[2025-01-04T17:25:02.532+0000] {processor.py:161} INFO - Started process (PID=249) to work on /opt/airflow/dags/first_dag_1.py
[2025-01-04T17:25:02.534+0000] {processor.py:830} INFO - Processing file /opt/airflow/dags/first_dag_1.py for tasks to queue
[2025-01-04T17:25:02.536+0000] {logging_mixin.py:188} INFO - [2025-01-04T17:25:02.536+0000] {dagbag.py:545} INFO - Filling up the DagBag from /opt/airflow/dags/first_dag_1.py
[2025-01-04T17:25:02.547+0000] {processor.py:840} INFO - DAG(s) 'first_dag' retrieved from /opt/airflow/dags/first_dag_1.py
[2025-01-04T17:25:02.566+0000] {logging_mixin.py:188} INFO - [2025-01-04T17:25:02.566+0000] {dag.py:3096} INFO - Sync 1 DAGs
[2025-01-04T17:25:02.579+0000] {logging_mixin.py:188} INFO - [2025-01-04T17:25:02.579+0000] {dag.py:3954} INFO - Setting next_dagrun for first_dag to 2025-01-04 17:24:00+00:00, run_after=2025-01-05 17:24:00+00:00
[2025-01-04T17:25:02.587+0000] {processor.py:183} INFO - Processing /opt/airflow/dags/first_dag_1.py took 0.066 seconds
[2025-01-04T17:25:32.920+0000] {processor.py:161} INFO - Started process (PID=254) to work on /opt/airflow/dags/first_dag_1.py
[2025-01-04T17:25:32.921+0000] {processor.py:830} INFO - Processing file /opt/airflow/dags/first_dag_1.py for tasks to queue
[2025-01-04T17:25:32.923+0000] {logging_mixin.py:188} INFO - [2025-01-04T17:25:32.923+0000] {dagbag.py:545} INFO - Filling up the DagBag from /opt/airflow/dags/first_dag_1.py
[2025-01-04T17:25:32.934+0000] {processor.py:840} INFO - DAG(s) 'first_dag' retrieved from /opt/airflow/dags/first_dag_1.py
[2025-01-04T17:25:32.954+0000] {logging_mixin.py:188} INFO - [2025-01-04T17:25:32.954+0000] {dag.py:3096} INFO - Sync 1 DAGs
[2025-01-04T17:25:32.966+0000] {logging_mixin.py:188} INFO - [2025-01-04T17:25:32.966+0000] {dag.py:3954} INFO - Setting next_dagrun for first_dag to 2025-01-04 17:24:00+00:00, run_after=2025-01-05 17:24:00+00:00
[2025-01-04T17:25:32.974+0000] {processor.py:183} INFO - Processing /opt/airflow/dags/first_dag_1.py took 0.059 seconds
[2025-01-04T17:26:03.260+0000] {processor.py:161} INFO - Started process (PID=259) to work on /opt/airflow/dags/first_dag_1.py
[2025-01-04T17:26:03.261+0000] {processor.py:830} INFO - Processing file /opt/airflow/dags/first_dag_1.py for tasks to queue
[2025-01-04T17:26:03.264+0000] {logging_mixin.py:188} INFO - [2025-01-04T17:26:03.263+0000] {dagbag.py:545} INFO - Filling up the DagBag from /opt/airflow/dags/first_dag_1.py
[2025-01-04T17:26:03.280+0000] {processor.py:840} INFO - DAG(s) 'first_dag' retrieved from /opt/airflow/dags/first_dag_1.py
[2025-01-04T17:26:03.309+0000] {logging_mixin.py:188} INFO - [2025-01-04T17:26:03.308+0000] {dag.py:3096} INFO - Sync 1 DAGs
[2025-01-04T17:26:03.324+0000] {logging_mixin.py:188} INFO - [2025-01-04T17:26:03.324+0000] {dag.py:3954} INFO - Setting next_dagrun for first_dag to 2025-01-04 17:24:00+00:00, run_after=2025-01-05 17:24:00+00:00
[2025-01-04T17:26:03.334+0000] {processor.py:183} INFO - Processing /opt/airflow/dags/first_dag_1.py took 0.083 seconds
[2025-01-04T17:26:33.600+0000] {processor.py:161} INFO - Started process (PID=264) to work on /opt/airflow/dags/first_dag_1.py
[2025-01-04T17:26:33.601+0000] {processor.py:830} INFO - Processing file /opt/airflow/dags/first_dag_1.py for tasks to queue
[2025-01-04T17:26:33.603+0000] {logging_mixin.py:188} INFO - [2025-01-04T17:26:33.602+0000] {dagbag.py:545} INFO - Filling up the DagBag from /opt/airflow/dags/first_dag_1.py
[2025-01-04T17:26:33.614+0000] {processor.py:840} INFO - DAG(s) 'first_dag' retrieved from /opt/airflow/dags/first_dag_1.py
[2025-01-04T17:26:33.636+0000] {logging_mixin.py:188} INFO - [2025-01-04T17:26:33.636+0000] {dag.py:3096} INFO - Sync 1 DAGs
[2025-01-04T17:26:33.647+0000] {logging_mixin.py:188} INFO - [2025-01-04T17:26:33.647+0000] {dag.py:3954} INFO - Setting next_dagrun for first_dag to 2025-01-04 17:24:00+00:00, run_after=2025-01-05 17:24:00+00:00
[2025-01-04T17:26:33.655+0000] {processor.py:183} INFO - Processing /opt/airflow/dags/first_dag_1.py took 0.061 seconds
[2025-01-04T17:27:03.958+0000] {processor.py:161} INFO - Started process (PID=269) to work on /opt/airflow/dags/first_dag_1.py
[2025-01-04T17:27:03.959+0000] {processor.py:830} INFO - Processing file /opt/airflow/dags/first_dag_1.py for tasks to queue
[2025-01-04T17:27:03.961+0000] {logging_mixin.py:188} INFO - [2025-01-04T17:27:03.960+0000] {dagbag.py:545} INFO - Filling up the DagBag from /opt/airflow/dags/first_dag_1.py
[2025-01-04T17:27:03.971+0000] {processor.py:840} INFO - DAG(s) 'first_dag' retrieved from /opt/airflow/dags/first_dag_1.py
[2025-01-04T17:27:03.990+0000] {logging_mixin.py:188} INFO - [2025-01-04T17:27:03.990+0000] {dag.py:3096} INFO - Sync 1 DAGs
[2025-01-04T17:27:04.001+0000] {logging_mixin.py:188} INFO - [2025-01-04T17:27:04.001+0000] {dag.py:3954} INFO - Setting next_dagrun for first_dag to 2025-01-04 17:24:00+00:00, run_after=2025-01-05 17:24:00+00:00
[2025-01-04T17:27:04.009+0000] {processor.py:183} INFO - Processing /opt/airflow/dags/first_dag_1.py took 0.056 seconds
