[2025-01-04T16:45:50.344+0000] {processor.py:161} INFO - Started process (PID=168) to work on /opt/airflow/dags/first_dag.py
[2025-01-04T16:45:50.346+0000] {processor.py:830} INFO - Processing file /opt/airflow/dags/first_dag.py for tasks to queue
[2025-01-04T16:45:50.348+0000] {logging_mixin.py:188} INFO - [2025-01-04T16:45:50.348+0000] {dagbag.py:545} INFO - Filling up the DagBag from /opt/airflow/dags/first_dag.py
[2025-01-04T16:45:50.360+0000] {processor.py:840} INFO - DAG(s) 'first_dag' retrieved from /opt/airflow/dags/first_dag.py
[2025-01-04T16:45:50.486+0000] {logging_mixin.py:188} INFO - [2025-01-04T16:45:50.486+0000] {override.py:1829} INFO - Created Permission View: can read on DAG:first_dag
[2025-01-04T16:45:50.489+0000] {logging_mixin.py:188} INFO - [2025-01-04T16:45:50.489+0000] {override.py:1829} INFO - Created Permission View: can delete on DAG:first_dag
[2025-01-04T16:45:50.491+0000] {logging_mixin.py:188} INFO - [2025-01-04T16:45:50.491+0000] {override.py:1829} INFO - Created Permission View: can edit on DAG:first_dag
[2025-01-04T16:45:50.491+0000] {logging_mixin.py:188} INFO - [2025-01-04T16:45:50.491+0000] {dag.py:3096} INFO - Sync 1 DAGs
[2025-01-04T16:45:50.495+0000] {logging_mixin.py:188} INFO - [2025-01-04T16:45:50.495+0000] {dag.py:3118} INFO - Creating ORM DAG for first_dag
[2025-01-04T16:45:50.500+0000] {logging_mixin.py:188} INFO - [2025-01-04T16:45:50.500+0000] {dag.py:3954} INFO - Setting next_dagrun for first_dag to 2025-01-02 19:05:00+00:00, run_after=2025-01-03 19:05:00+00:00
[2025-01-04T16:45:50.505+0000] {processor.py:183} INFO - Processing /opt/airflow/dags/first_dag.py took 0.167 seconds
[2025-01-04T16:46:20.562+0000] {processor.py:161} INFO - Started process (PID=173) to work on /opt/airflow/dags/first_dag.py
[2025-01-04T16:46:20.563+0000] {processor.py:830} INFO - Processing file /opt/airflow/dags/first_dag.py for tasks to queue
[2025-01-04T16:46:20.566+0000] {logging_mixin.py:188} INFO - [2025-01-04T16:46:20.565+0000] {dagbag.py:545} INFO - Filling up the DagBag from /opt/airflow/dags/first_dag.py
[2025-01-04T16:46:20.583+0000] {processor.py:840} INFO - DAG(s) 'first_dag' retrieved from /opt/airflow/dags/first_dag.py
[2025-01-04T16:46:20.610+0000] {logging_mixin.py:188} INFO - [2025-01-04T16:46:20.610+0000] {dag.py:3096} INFO - Sync 1 DAGs
[2025-01-04T16:46:20.623+0000] {logging_mixin.py:188} INFO - [2025-01-04T16:46:20.623+0000] {dag.py:3954} INFO - Setting next_dagrun for first_dag to 2025-01-02 19:05:00+00:00, run_after=2025-01-03 19:05:00+00:00
[2025-01-04T16:46:20.631+0000] {processor.py:183} INFO - Processing /opt/airflow/dags/first_dag.py took 0.078 seconds
[2025-01-04T16:46:50.857+0000] {processor.py:161} INFO - Started process (PID=178) to work on /opt/airflow/dags/first_dag.py
[2025-01-04T16:46:50.858+0000] {processor.py:830} INFO - Processing file /opt/airflow/dags/first_dag.py for tasks to queue
[2025-01-04T16:46:50.859+0000] {logging_mixin.py:188} INFO - [2025-01-04T16:46:50.859+0000] {dagbag.py:545} INFO - Filling up the DagBag from /opt/airflow/dags/first_dag.py
[2025-01-04T16:46:50.873+0000] {processor.py:840} INFO - DAG(s) 'first_dag' retrieved from /opt/airflow/dags/first_dag.py
[2025-01-04T16:46:50.900+0000] {logging_mixin.py:188} INFO - [2025-01-04T16:46:50.900+0000] {dag.py:3096} INFO - Sync 1 DAGs
[2025-01-04T16:46:50.913+0000] {logging_mixin.py:188} INFO - [2025-01-04T16:46:50.913+0000] {dag.py:3954} INFO - Setting next_dagrun for first_dag to 2025-01-02 19:05:00+00:00, run_after=2025-01-03 19:05:00+00:00
[2025-01-04T16:46:50.922+0000] {processor.py:183} INFO - Processing /opt/airflow/dags/first_dag.py took 0.072 seconds
[2025-01-04T16:47:21.203+0000] {processor.py:161} INFO - Started process (PID=183) to work on /opt/airflow/dags/first_dag.py
[2025-01-04T16:47:21.203+0000] {processor.py:830} INFO - Processing file /opt/airflow/dags/first_dag.py for tasks to queue
[2025-01-04T16:47:21.205+0000] {logging_mixin.py:188} INFO - [2025-01-04T16:47:21.204+0000] {dagbag.py:545} INFO - Filling up the DagBag from /opt/airflow/dags/first_dag.py
[2025-01-04T16:47:21.216+0000] {processor.py:840} INFO - DAG(s) 'first_dag' retrieved from /opt/airflow/dags/first_dag.py
[2025-01-04T16:47:21.241+0000] {logging_mixin.py:188} INFO - [2025-01-04T16:47:21.241+0000] {dag.py:3096} INFO - Sync 1 DAGs
[2025-01-04T16:47:21.253+0000] {logging_mixin.py:188} INFO - [2025-01-04T16:47:21.253+0000] {dag.py:3954} INFO - Setting next_dagrun for first_dag to 2025-01-02 19:05:00+00:00, run_after=2025-01-03 19:05:00+00:00
[2025-01-04T16:47:21.263+0000] {processor.py:183} INFO - Processing /opt/airflow/dags/first_dag.py took 0.066 seconds
[2025-01-04T16:47:51.518+0000] {processor.py:161} INFO - Started process (PID=188) to work on /opt/airflow/dags/first_dag.py
[2025-01-04T16:47:51.518+0000] {processor.py:830} INFO - Processing file /opt/airflow/dags/first_dag.py for tasks to queue
[2025-01-04T16:47:51.521+0000] {logging_mixin.py:188} INFO - [2025-01-04T16:47:51.521+0000] {dagbag.py:545} INFO - Filling up the DagBag from /opt/airflow/dags/first_dag.py
[2025-01-04T16:47:51.544+0000] {processor.py:840} INFO - DAG(s) 'first_dag' retrieved from /opt/airflow/dags/first_dag.py
[2025-01-04T16:47:51.580+0000] {logging_mixin.py:188} INFO - [2025-01-04T16:47:51.580+0000] {dag.py:3096} INFO - Sync 1 DAGs
[2025-01-04T16:47:51.593+0000] {logging_mixin.py:188} INFO - [2025-01-04T16:47:51.593+0000] {dag.py:3954} INFO - Setting next_dagrun for first_dag to 2025-01-02 19:05:00+00:00, run_after=2025-01-03 19:05:00+00:00
[2025-01-04T16:47:51.601+0000] {processor.py:183} INFO - Processing /opt/airflow/dags/first_dag.py took 0.090 seconds
[2025-01-04T16:48:21.841+0000] {processor.py:161} INFO - Started process (PID=195) to work on /opt/airflow/dags/first_dag.py
[2025-01-04T16:48:21.842+0000] {processor.py:830} INFO - Processing file /opt/airflow/dags/first_dag.py for tasks to queue
[2025-01-04T16:48:21.844+0000] {logging_mixin.py:188} INFO - [2025-01-04T16:48:21.844+0000] {dagbag.py:545} INFO - Filling up the DagBag from /opt/airflow/dags/first_dag.py
[2025-01-04T16:48:21.856+0000] {processor.py:840} INFO - DAG(s) 'first_dag' retrieved from /opt/airflow/dags/first_dag.py
[2025-01-04T16:48:21.877+0000] {logging_mixin.py:188} INFO - [2025-01-04T16:48:21.877+0000] {dag.py:3096} INFO - Sync 1 DAGs
[2025-01-04T16:48:21.888+0000] {logging_mixin.py:188} INFO - [2025-01-04T16:48:21.888+0000] {dag.py:3954} INFO - Setting next_dagrun for first_dag to 2025-01-03 19:05:00+00:00, run_after=2025-01-04 19:05:00+00:00
[2025-01-04T16:48:21.896+0000] {processor.py:183} INFO - Processing /opt/airflow/dags/first_dag.py took 0.062 seconds
[2025-01-04T16:48:52.191+0000] {processor.py:161} INFO - Started process (PID=200) to work on /opt/airflow/dags/first_dag.py
[2025-01-04T16:48:52.192+0000] {processor.py:830} INFO - Processing file /opt/airflow/dags/first_dag.py for tasks to queue
[2025-01-04T16:48:52.195+0000] {logging_mixin.py:188} INFO - [2025-01-04T16:48:52.194+0000] {dagbag.py:545} INFO - Filling up the DagBag from /opt/airflow/dags/first_dag.py
[2025-01-04T16:48:52.215+0000] {processor.py:840} INFO - DAG(s) 'first_dag' retrieved from /opt/airflow/dags/first_dag.py
[2025-01-04T16:48:52.243+0000] {logging_mixin.py:188} INFO - [2025-01-04T16:48:52.243+0000] {dag.py:3096} INFO - Sync 1 DAGs
[2025-01-04T16:48:52.258+0000] {logging_mixin.py:188} INFO - [2025-01-04T16:48:52.258+0000] {dag.py:3954} INFO - Setting next_dagrun for first_dag to 2025-01-03 19:05:00+00:00, run_after=2025-01-04 19:05:00+00:00
[2025-01-04T16:48:52.269+0000] {processor.py:183} INFO - Processing /opt/airflow/dags/first_dag.py took 0.085 seconds
[2025-01-04T16:49:22.504+0000] {processor.py:161} INFO - Started process (PID=207) to work on /opt/airflow/dags/first_dag.py
[2025-01-04T16:49:22.505+0000] {processor.py:830} INFO - Processing file /opt/airflow/dags/first_dag.py for tasks to queue
[2025-01-04T16:49:22.507+0000] {logging_mixin.py:188} INFO - [2025-01-04T16:49:22.507+0000] {dagbag.py:545} INFO - Filling up the DagBag from /opt/airflow/dags/first_dag.py
[2025-01-04T16:49:22.519+0000] {processor.py:840} INFO - DAG(s) 'first_dag' retrieved from /opt/airflow/dags/first_dag.py
[2025-01-04T16:49:22.542+0000] {logging_mixin.py:188} INFO - [2025-01-04T16:49:22.542+0000] {dag.py:3096} INFO - Sync 1 DAGs
[2025-01-04T16:49:22.552+0000] {logging_mixin.py:188} INFO - [2025-01-04T16:49:22.552+0000] {dag.py:3954} INFO - Setting next_dagrun for first_dag to 2025-01-03 19:05:00+00:00, run_after=2025-01-04 19:05:00+00:00
[2025-01-04T16:49:22.560+0000] {processor.py:183} INFO - Processing /opt/airflow/dags/first_dag.py took 0.062 seconds
[2025-01-04T16:49:52.841+0000] {processor.py:161} INFO - Started process (PID=212) to work on /opt/airflow/dags/first_dag.py
[2025-01-04T16:49:52.842+0000] {processor.py:830} INFO - Processing file /opt/airflow/dags/first_dag.py for tasks to queue
[2025-01-04T16:49:52.843+0000] {logging_mixin.py:188} INFO - [2025-01-04T16:49:52.843+0000] {dagbag.py:545} INFO - Filling up the DagBag from /opt/airflow/dags/first_dag.py
[2025-01-04T16:49:52.850+0000] {processor.py:840} INFO - DAG(s) 'first_dag' retrieved from /opt/airflow/dags/first_dag.py
[2025-01-04T16:49:52.866+0000] {logging_mixin.py:188} INFO - [2025-01-04T16:49:52.866+0000] {dag.py:3096} INFO - Sync 1 DAGs
[2025-01-04T16:49:52.876+0000] {logging_mixin.py:188} INFO - [2025-01-04T16:49:52.876+0000] {dag.py:3954} INFO - Setting next_dagrun for first_dag to 2025-01-03 19:05:00+00:00, run_after=2025-01-04 19:05:00+00:00
[2025-01-04T16:49:52.884+0000] {processor.py:183} INFO - Processing /opt/airflow/dags/first_dag.py took 0.047 seconds
[2025-01-04T16:50:23.163+0000] {processor.py:161} INFO - Started process (PID=217) to work on /opt/airflow/dags/first_dag.py
[2025-01-04T16:50:23.164+0000] {processor.py:830} INFO - Processing file /opt/airflow/dags/first_dag.py for tasks to queue
[2025-01-04T16:50:23.165+0000] {logging_mixin.py:188} INFO - [2025-01-04T16:50:23.165+0000] {dagbag.py:545} INFO - Filling up the DagBag from /opt/airflow/dags/first_dag.py
[2025-01-04T16:50:23.175+0000] {processor.py:840} INFO - DAG(s) 'first_dag' retrieved from /opt/airflow/dags/first_dag.py
[2025-01-04T16:50:23.193+0000] {logging_mixin.py:188} INFO - [2025-01-04T16:50:23.193+0000] {dag.py:3096} INFO - Sync 1 DAGs
[2025-01-04T16:50:23.204+0000] {logging_mixin.py:188} INFO - [2025-01-04T16:50:23.204+0000] {dag.py:3954} INFO - Setting next_dagrun for first_dag to 2025-01-03 19:05:00+00:00, run_after=2025-01-04 19:05:00+00:00
[2025-01-04T16:50:23.211+0000] {processor.py:183} INFO - Processing /opt/airflow/dags/first_dag.py took 0.053 seconds
[2025-01-04T16:50:50.460+0000] {processor.py:161} INFO - Started process (PID=222) to work on /opt/airflow/dags/first_dag.py
[2025-01-04T16:50:50.461+0000] {processor.py:830} INFO - Processing file /opt/airflow/dags/first_dag.py for tasks to queue
[2025-01-04T16:50:50.463+0000] {logging_mixin.py:188} INFO - [2025-01-04T16:50:50.463+0000] {dagbag.py:545} INFO - Filling up the DagBag from /opt/airflow/dags/first_dag.py
[2025-01-04T16:50:50.476+0000] {processor.py:840} INFO - DAG(s) 'first_dag' retrieved from /opt/airflow/dags/first_dag.py
[2025-01-04T16:50:50.539+0000] {logging_mixin.py:188} INFO - [2025-01-04T16:50:50.538+0000] {dag.py:3096} INFO - Sync 1 DAGs
[2025-01-04T16:50:50.547+0000] {logging_mixin.py:188} INFO - [2025-01-04T16:50:50.547+0000] {dag.py:3954} INFO - Setting next_dagrun for first_dag to 2025-01-03 19:05:00+00:00, run_after=2025-01-04 19:05:00+00:00
[2025-01-04T16:50:50.555+0000] {processor.py:183} INFO - Processing /opt/airflow/dags/first_dag.py took 0.100 seconds
[2025-01-04T16:51:20.797+0000] {processor.py:161} INFO - Started process (PID=227) to work on /opt/airflow/dags/first_dag.py
[2025-01-04T16:51:20.798+0000] {processor.py:830} INFO - Processing file /opt/airflow/dags/first_dag.py for tasks to queue
[2025-01-04T16:51:20.800+0000] {logging_mixin.py:188} INFO - [2025-01-04T16:51:20.800+0000] {dagbag.py:545} INFO - Filling up the DagBag from /opt/airflow/dags/first_dag.py
[2025-01-04T16:51:20.812+0000] {processor.py:840} INFO - DAG(s) 'first_dag' retrieved from /opt/airflow/dags/first_dag.py
[2025-01-04T16:51:20.833+0000] {logging_mixin.py:188} INFO - [2025-01-04T16:51:20.832+0000] {dag.py:3096} INFO - Sync 1 DAGs
[2025-01-04T16:51:20.843+0000] {logging_mixin.py:188} INFO - [2025-01-04T16:51:20.843+0000] {dag.py:3954} INFO - Setting next_dagrun for first_dag to 2025-01-03 19:05:00+00:00, run_after=2025-01-04 19:05:00+00:00
[2025-01-04T16:51:20.851+0000] {processor.py:183} INFO - Processing /opt/airflow/dags/first_dag.py took 0.062 seconds
[2025-01-04T16:51:51.146+0000] {processor.py:161} INFO - Started process (PID=232) to work on /opt/airflow/dags/first_dag.py
[2025-01-04T16:51:51.148+0000] {processor.py:830} INFO - Processing file /opt/airflow/dags/first_dag.py for tasks to queue
[2025-01-04T16:51:51.152+0000] {logging_mixin.py:188} INFO - [2025-01-04T16:51:51.152+0000] {dagbag.py:545} INFO - Filling up the DagBag from /opt/airflow/dags/first_dag.py
[2025-01-04T16:51:51.172+0000] {processor.py:840} INFO - DAG(s) 'first_dag' retrieved from /opt/airflow/dags/first_dag.py
[2025-01-04T16:51:51.196+0000] {logging_mixin.py:188} INFO - [2025-01-04T16:51:51.195+0000] {dag.py:3096} INFO - Sync 1 DAGs
[2025-01-04T16:51:51.211+0000] {logging_mixin.py:188} INFO - [2025-01-04T16:51:51.210+0000] {dag.py:3954} INFO - Setting next_dagrun for first_dag to 2025-01-03 19:05:00+00:00, run_after=2025-01-04 19:05:00+00:00
[2025-01-04T16:51:51.218+0000] {processor.py:183} INFO - Processing /opt/airflow/dags/first_dag.py took 0.082 seconds
[2025-01-04T16:52:21.447+0000] {processor.py:161} INFO - Started process (PID=237) to work on /opt/airflow/dags/first_dag.py
[2025-01-04T16:52:21.449+0000] {processor.py:830} INFO - Processing file /opt/airflow/dags/first_dag.py for tasks to queue
[2025-01-04T16:52:21.451+0000] {logging_mixin.py:188} INFO - [2025-01-04T16:52:21.450+0000] {dagbag.py:545} INFO - Filling up the DagBag from /opt/airflow/dags/first_dag.py
[2025-01-04T16:52:21.463+0000] {processor.py:840} INFO - DAG(s) 'first_dag' retrieved from /opt/airflow/dags/first_dag.py
[2025-01-04T16:52:21.489+0000] {logging_mixin.py:188} INFO - [2025-01-04T16:52:21.489+0000] {dag.py:3096} INFO - Sync 1 DAGs
[2025-01-04T16:52:21.505+0000] {logging_mixin.py:188} INFO - [2025-01-04T16:52:21.505+0000] {dag.py:3954} INFO - Setting next_dagrun for first_dag to 2025-01-03 19:05:00+00:00, run_after=2025-01-04 19:05:00+00:00
[2025-01-04T16:52:21.516+0000] {processor.py:183} INFO - Processing /opt/airflow/dags/first_dag.py took 0.075 seconds
[2025-01-04T16:52:51.707+0000] {processor.py:161} INFO - Started process (PID=242) to work on /opt/airflow/dags/first_dag.py
[2025-01-04T16:52:51.708+0000] {processor.py:830} INFO - Processing file /opt/airflow/dags/first_dag.py for tasks to queue
[2025-01-04T16:52:51.710+0000] {logging_mixin.py:188} INFO - [2025-01-04T16:52:51.710+0000] {dagbag.py:545} INFO - Filling up the DagBag from /opt/airflow/dags/first_dag.py
[2025-01-04T16:52:51.724+0000] {processor.py:840} INFO - DAG(s) 'first_dag' retrieved from /opt/airflow/dags/first_dag.py
[2025-01-04T16:52:51.745+0000] {logging_mixin.py:188} INFO - [2025-01-04T16:52:51.745+0000] {dag.py:3096} INFO - Sync 1 DAGs
[2025-01-04T16:52:51.756+0000] {logging_mixin.py:188} INFO - [2025-01-04T16:52:51.756+0000] {dag.py:3954} INFO - Setting next_dagrun for first_dag to 2025-01-03 19:05:00+00:00, run_after=2025-01-04 19:05:00+00:00
[2025-01-04T16:52:51.764+0000] {processor.py:183} INFO - Processing /opt/airflow/dags/first_dag.py took 0.062 seconds
[2025-01-04T16:53:09.862+0000] {processor.py:161} INFO - Started process (PID=247) to work on /opt/airflow/dags/first_dag.py
[2025-01-04T16:53:09.863+0000] {processor.py:830} INFO - Processing file /opt/airflow/dags/first_dag.py for tasks to queue
[2025-01-04T16:53:09.864+0000] {logging_mixin.py:188} INFO - [2025-01-04T16:53:09.864+0000] {dagbag.py:545} INFO - Filling up the DagBag from /opt/airflow/dags/first_dag.py
[2025-01-04T16:53:09.876+0000] {processor.py:840} INFO - DAG(s) 'first_dag' retrieved from /opt/airflow/dags/first_dag.py
[2025-01-04T16:53:09.942+0000] {logging_mixin.py:188} INFO - [2025-01-04T16:53:09.941+0000] {dag.py:3096} INFO - Sync 1 DAGs
[2025-01-04T16:53:09.953+0000] {logging_mixin.py:188} INFO - [2025-01-04T16:53:09.953+0000] {dag.py:3954} INFO - Setting next_dagrun for first_dag to 2025-01-04 19:05:00+00:00, run_after=2025-01-05 19:05:00+00:00
[2025-01-04T16:53:09.961+0000] {processor.py:183} INFO - Processing /opt/airflow/dags/first_dag.py took 0.105 seconds
[2025-01-04T16:53:40.105+0000] {processor.py:161} INFO - Started process (PID=252) to work on /opt/airflow/dags/first_dag.py
[2025-01-04T16:53:40.107+0000] {processor.py:830} INFO - Processing file /opt/airflow/dags/first_dag.py for tasks to queue
[2025-01-04T16:53:40.110+0000] {logging_mixin.py:188} INFO - [2025-01-04T16:53:40.110+0000] {dagbag.py:545} INFO - Filling up the DagBag from /opt/airflow/dags/first_dag.py
[2025-01-04T16:53:40.131+0000] {processor.py:840} INFO - DAG(s) 'first_dag' retrieved from /opt/airflow/dags/first_dag.py
[2025-01-04T16:53:40.156+0000] {logging_mixin.py:188} INFO - [2025-01-04T16:53:40.156+0000] {dag.py:3096} INFO - Sync 1 DAGs
[2025-01-04T16:53:40.169+0000] {logging_mixin.py:188} INFO - [2025-01-04T16:53:40.169+0000] {dag.py:3954} INFO - Setting next_dagrun for first_dag to 2025-01-04 19:05:00+00:00, run_after=2025-01-05 19:05:00+00:00
[2025-01-04T16:53:40.177+0000] {processor.py:183} INFO - Processing /opt/airflow/dags/first_dag.py took 0.082 seconds
[2025-01-04T16:54:10.441+0000] {processor.py:161} INFO - Started process (PID=257) to work on /opt/airflow/dags/first_dag.py
[2025-01-04T16:54:10.442+0000] {processor.py:830} INFO - Processing file /opt/airflow/dags/first_dag.py for tasks to queue
[2025-01-04T16:54:10.443+0000] {logging_mixin.py:188} INFO - [2025-01-04T16:54:10.443+0000] {dagbag.py:545} INFO - Filling up the DagBag from /opt/airflow/dags/first_dag.py
[2025-01-04T16:54:10.451+0000] {processor.py:840} INFO - DAG(s) 'first_dag' retrieved from /opt/airflow/dags/first_dag.py
[2025-01-04T16:54:10.468+0000] {logging_mixin.py:188} INFO - [2025-01-04T16:54:10.468+0000] {dag.py:3096} INFO - Sync 1 DAGs
[2025-01-04T16:54:10.479+0000] {logging_mixin.py:188} INFO - [2025-01-04T16:54:10.479+0000] {dag.py:3954} INFO - Setting next_dagrun for first_dag to 2025-01-04 19:05:00+00:00, run_after=2025-01-05 19:05:00+00:00
[2025-01-04T16:54:10.487+0000] {processor.py:183} INFO - Processing /opt/airflow/dags/first_dag.py took 0.050 seconds
[2025-01-04T16:54:40.767+0000] {processor.py:161} INFO - Started process (PID=262) to work on /opt/airflow/dags/first_dag.py
[2025-01-04T16:54:40.768+0000] {processor.py:830} INFO - Processing file /opt/airflow/dags/first_dag.py for tasks to queue
[2025-01-04T16:54:40.769+0000] {logging_mixin.py:188} INFO - [2025-01-04T16:54:40.769+0000] {dagbag.py:545} INFO - Filling up the DagBag from /opt/airflow/dags/first_dag.py
[2025-01-04T16:54:40.781+0000] {processor.py:840} INFO - DAG(s) 'first_dag' retrieved from /opt/airflow/dags/first_dag.py
[2025-01-04T16:54:40.800+0000] {logging_mixin.py:188} INFO - [2025-01-04T16:54:40.800+0000] {dag.py:3096} INFO - Sync 1 DAGs
[2025-01-04T16:54:40.811+0000] {logging_mixin.py:188} INFO - [2025-01-04T16:54:40.811+0000] {dag.py:3954} INFO - Setting next_dagrun for first_dag to 2025-01-04 19:05:00+00:00, run_after=2025-01-05 19:05:00+00:00
[2025-01-04T16:54:40.818+0000] {processor.py:183} INFO - Processing /opt/airflow/dags/first_dag.py took 0.057 seconds
[2025-01-04T16:55:11.082+0000] {processor.py:161} INFO - Started process (PID=267) to work on /opt/airflow/dags/first_dag.py
[2025-01-04T16:55:11.083+0000] {processor.py:830} INFO - Processing file /opt/airflow/dags/first_dag.py for tasks to queue
[2025-01-04T16:55:11.085+0000] {logging_mixin.py:188} INFO - [2025-01-04T16:55:11.085+0000] {dagbag.py:545} INFO - Filling up the DagBag from /opt/airflow/dags/first_dag.py
[2025-01-04T16:55:11.097+0000] {processor.py:840} INFO - DAG(s) 'first_dag' retrieved from /opt/airflow/dags/first_dag.py
[2025-01-04T16:55:11.124+0000] {logging_mixin.py:188} INFO - [2025-01-04T16:55:11.123+0000] {dag.py:3096} INFO - Sync 1 DAGs
[2025-01-04T16:55:11.139+0000] {logging_mixin.py:188} INFO - [2025-01-04T16:55:11.139+0000] {dag.py:3954} INFO - Setting next_dagrun for first_dag to 2025-01-04 19:05:00+00:00, run_after=2025-01-05 19:05:00+00:00
[2025-01-04T16:55:11.150+0000] {processor.py:183} INFO - Processing /opt/airflow/dags/first_dag.py took 0.074 seconds
[2025-01-04T16:55:41.369+0000] {processor.py:161} INFO - Started process (PID=272) to work on /opt/airflow/dags/first_dag.py
[2025-01-04T16:55:41.370+0000] {processor.py:830} INFO - Processing file /opt/airflow/dags/first_dag.py for tasks to queue
[2025-01-04T16:55:41.370+0000] {logging_mixin.py:188} INFO - [2025-01-04T16:55:41.370+0000] {dagbag.py:545} INFO - Filling up the DagBag from /opt/airflow/dags/first_dag.py
[2025-01-04T16:55:41.377+0000] {processor.py:840} INFO - DAG(s) 'first_dag' retrieved from /opt/airflow/dags/first_dag.py
[2025-01-04T16:55:41.392+0000] {logging_mixin.py:188} INFO - [2025-01-04T16:55:41.392+0000] {dag.py:3096} INFO - Sync 1 DAGs
[2025-01-04T16:55:41.402+0000] {logging_mixin.py:188} INFO - [2025-01-04T16:55:41.402+0000] {dag.py:3954} INFO - Setting next_dagrun for first_dag to 2025-01-04 19:05:00+00:00, run_after=2025-01-05 19:05:00+00:00
[2025-01-04T16:55:41.410+0000] {processor.py:183} INFO - Processing /opt/airflow/dags/first_dag.py took 0.043 seconds
[2025-01-04T16:56:11.673+0000] {processor.py:161} INFO - Started process (PID=277) to work on /opt/airflow/dags/first_dag.py
[2025-01-04T16:56:11.674+0000] {processor.py:830} INFO - Processing file /opt/airflow/dags/first_dag.py for tasks to queue
[2025-01-04T16:56:11.677+0000] {logging_mixin.py:188} INFO - [2025-01-04T16:56:11.677+0000] {dagbag.py:545} INFO - Filling up the DagBag from /opt/airflow/dags/first_dag.py
[2025-01-04T16:56:11.692+0000] {processor.py:840} INFO - DAG(s) 'first_dag' retrieved from /opt/airflow/dags/first_dag.py
[2025-01-04T16:56:11.720+0000] {logging_mixin.py:188} INFO - [2025-01-04T16:56:11.720+0000] {dag.py:3096} INFO - Sync 1 DAGs
[2025-01-04T16:56:11.736+0000] {logging_mixin.py:188} INFO - [2025-01-04T16:56:11.736+0000] {dag.py:3954} INFO - Setting next_dagrun for first_dag to 2025-01-04 19:05:00+00:00, run_after=2025-01-05 19:05:00+00:00
[2025-01-04T16:56:11.748+0000] {processor.py:183} INFO - Processing /opt/airflow/dags/first_dag.py took 0.081 seconds
[2025-01-04T16:56:41.953+0000] {processor.py:161} INFO - Started process (PID=282) to work on /opt/airflow/dags/first_dag.py
[2025-01-04T16:56:41.954+0000] {processor.py:830} INFO - Processing file /opt/airflow/dags/first_dag.py for tasks to queue
[2025-01-04T16:56:41.957+0000] {logging_mixin.py:188} INFO - [2025-01-04T16:56:41.956+0000] {dagbag.py:545} INFO - Filling up the DagBag from /opt/airflow/dags/first_dag.py
[2025-01-04T16:56:41.969+0000] {processor.py:840} INFO - DAG(s) 'first_dag' retrieved from /opt/airflow/dags/first_dag.py
[2025-01-04T16:56:41.994+0000] {logging_mixin.py:188} INFO - [2025-01-04T16:56:41.994+0000] {dag.py:3096} INFO - Sync 1 DAGs
[2025-01-04T16:56:42.008+0000] {logging_mixin.py:188} INFO - [2025-01-04T16:56:42.008+0000] {dag.py:3954} INFO - Setting next_dagrun for first_dag to 2025-01-04 19:05:00+00:00, run_after=2025-01-05 19:05:00+00:00
[2025-01-04T16:56:42.018+0000] {processor.py:183} INFO - Processing /opt/airflow/dags/first_dag.py took 0.071 seconds
[2025-01-04T16:57:12.286+0000] {processor.py:161} INFO - Started process (PID=287) to work on /opt/airflow/dags/first_dag.py
[2025-01-04T16:57:12.287+0000] {processor.py:830} INFO - Processing file /opt/airflow/dags/first_dag.py for tasks to queue
[2025-01-04T16:57:12.289+0000] {logging_mixin.py:188} INFO - [2025-01-04T16:57:12.288+0000] {dagbag.py:545} INFO - Filling up the DagBag from /opt/airflow/dags/first_dag.py
[2025-01-04T16:57:12.300+0000] {processor.py:840} INFO - DAG(s) 'first_dag' retrieved from /opt/airflow/dags/first_dag.py
[2025-01-04T16:57:12.322+0000] {logging_mixin.py:188} INFO - [2025-01-04T16:57:12.322+0000] {dag.py:3096} INFO - Sync 1 DAGs
[2025-01-04T16:57:12.333+0000] {logging_mixin.py:188} INFO - [2025-01-04T16:57:12.333+0000] {dag.py:3954} INFO - Setting next_dagrun for first_dag to 2025-01-04 19:05:00+00:00, run_after=2025-01-05 19:05:00+00:00
[2025-01-04T16:57:12.340+0000] {processor.py:183} INFO - Processing /opt/airflow/dags/first_dag.py took 0.060 seconds
[2025-01-04T16:57:47.794+0000] {processor.py:161} INFO - Started process (PID=168) to work on /opt/airflow/dags/first_dag.py
[2025-01-04T16:57:47.797+0000] {processor.py:830} INFO - Processing file /opt/airflow/dags/first_dag.py for tasks to queue
[2025-01-04T16:57:47.798+0000] {logging_mixin.py:188} INFO - [2025-01-04T16:57:47.798+0000] {dagbag.py:545} INFO - Filling up the DagBag from /opt/airflow/dags/first_dag.py
[2025-01-04T16:57:47.811+0000] {processor.py:840} INFO - DAG(s) 'first_dag' retrieved from /opt/airflow/dags/first_dag.py
[2025-01-04T16:57:47.846+0000] {logging_mixin.py:188} INFO - [2025-01-04T16:57:47.845+0000] {dag.py:3096} INFO - Sync 1 DAGs
[2025-01-04T16:57:47.857+0000] {logging_mixin.py:188} INFO - [2025-01-04T16:57:47.857+0000] {dag.py:3954} INFO - Setting next_dagrun for first_dag to 2025-01-04 19:05:00+00:00, run_after=2025-01-05 19:05:00+00:00
[2025-01-04T16:57:47.865+0000] {processor.py:183} INFO - Processing /opt/airflow/dags/first_dag.py took 0.075 seconds
[2025-01-04T16:58:18.009+0000] {processor.py:161} INFO - Started process (PID=173) to work on /opt/airflow/dags/first_dag.py
[2025-01-04T16:58:18.012+0000] {processor.py:830} INFO - Processing file /opt/airflow/dags/first_dag.py for tasks to queue
[2025-01-04T16:58:18.018+0000] {logging_mixin.py:188} INFO - [2025-01-04T16:58:18.018+0000] {dagbag.py:545} INFO - Filling up the DagBag from /opt/airflow/dags/first_dag.py
[2025-01-04T16:58:18.033+0000] {processor.py:840} INFO - DAG(s) 'first_dag' retrieved from /opt/airflow/dags/first_dag.py
[2025-01-04T16:58:18.068+0000] {logging_mixin.py:188} INFO - [2025-01-04T16:58:18.068+0000] {dag.py:3096} INFO - Sync 1 DAGs
[2025-01-04T16:58:18.085+0000] {logging_mixin.py:188} INFO - [2025-01-04T16:58:18.085+0000] {dag.py:3954} INFO - Setting next_dagrun for first_dag to 2025-01-04 19:05:00+00:00, run_after=2025-01-05 19:05:00+00:00
[2025-01-04T16:58:18.099+0000] {processor.py:183} INFO - Processing /opt/airflow/dags/first_dag.py took 0.095 seconds
[2025-01-04T16:58:48.277+0000] {processor.py:161} INFO - Started process (PID=178) to work on /opt/airflow/dags/first_dag.py
[2025-01-04T16:58:48.278+0000] {processor.py:830} INFO - Processing file /opt/airflow/dags/first_dag.py for tasks to queue
[2025-01-04T16:58:48.282+0000] {logging_mixin.py:188} INFO - [2025-01-04T16:58:48.281+0000] {dagbag.py:545} INFO - Filling up the DagBag from /opt/airflow/dags/first_dag.py
[2025-01-04T16:58:48.301+0000] {processor.py:840} INFO - DAG(s) 'first_dag' retrieved from /opt/airflow/dags/first_dag.py
[2025-01-04T16:58:48.328+0000] {logging_mixin.py:188} INFO - [2025-01-04T16:58:48.328+0000] {dag.py:3096} INFO - Sync 1 DAGs
[2025-01-04T16:58:48.343+0000] {logging_mixin.py:188} INFO - [2025-01-04T16:58:48.343+0000] {dag.py:3954} INFO - Setting next_dagrun for first_dag to 2025-01-04 19:05:00+00:00, run_after=2025-01-05 19:05:00+00:00
[2025-01-04T16:58:48.353+0000] {processor.py:183} INFO - Processing /opt/airflow/dags/first_dag.py took 0.086 seconds
[2025-01-04T16:59:18.570+0000] {processor.py:161} INFO - Started process (PID=183) to work on /opt/airflow/dags/first_dag.py
[2025-01-04T16:59:18.573+0000] {processor.py:830} INFO - Processing file /opt/airflow/dags/first_dag.py for tasks to queue
[2025-01-04T16:59:18.578+0000] {logging_mixin.py:188} INFO - [2025-01-04T16:59:18.577+0000] {dagbag.py:545} INFO - Filling up the DagBag from /opt/airflow/dags/first_dag.py
[2025-01-04T16:59:18.606+0000] {processor.py:840} INFO - DAG(s) 'first_dag' retrieved from /opt/airflow/dags/first_dag.py
[2025-01-04T16:59:18.638+0000] {logging_mixin.py:188} INFO - [2025-01-04T16:59:18.638+0000] {dag.py:3096} INFO - Sync 1 DAGs
[2025-01-04T16:59:18.654+0000] {logging_mixin.py:188} INFO - [2025-01-04T16:59:18.653+0000] {dag.py:3954} INFO - Setting next_dagrun for first_dag to 2025-01-04 19:05:00+00:00, run_after=2025-01-05 19:05:00+00:00
[2025-01-04T16:59:18.662+0000] {processor.py:183} INFO - Processing /opt/airflow/dags/first_dag.py took 0.107 seconds
[2025-01-04T16:59:54.771+0000] {processor.py:161} INFO - Started process (PID=168) to work on /opt/airflow/dags/first_dag.py
[2025-01-04T16:59:54.775+0000] {processor.py:830} INFO - Processing file /opt/airflow/dags/first_dag.py for tasks to queue
[2025-01-04T16:59:54.776+0000] {logging_mixin.py:188} INFO - [2025-01-04T16:59:54.776+0000] {dagbag.py:545} INFO - Filling up the DagBag from /opt/airflow/dags/first_dag.py
[2025-01-04T16:59:54.786+0000] {processor.py:840} INFO - DAG(s) 'first_dag' retrieved from /opt/airflow/dags/first_dag.py
[2025-01-04T16:59:54.820+0000] {logging_mixin.py:188} INFO - [2025-01-04T16:59:54.820+0000] {dag.py:3096} INFO - Sync 1 DAGs
[2025-01-04T16:59:54.832+0000] {logging_mixin.py:188} INFO - [2025-01-04T16:59:54.832+0000] {dag.py:3954} INFO - Setting next_dagrun for first_dag to 2025-01-04 19:05:00+00:00, run_after=2025-01-05 19:05:00+00:00
[2025-01-04T16:59:54.840+0000] {processor.py:183} INFO - Processing /opt/airflow/dags/first_dag.py took 0.073 seconds
[2025-01-04T17:00:25.028+0000] {processor.py:161} INFO - Started process (PID=173) to work on /opt/airflow/dags/first_dag.py
[2025-01-04T17:00:25.030+0000] {processor.py:830} INFO - Processing file /opt/airflow/dags/first_dag.py for tasks to queue
[2025-01-04T17:00:25.033+0000] {logging_mixin.py:188} INFO - [2025-01-04T17:00:25.032+0000] {dagbag.py:545} INFO - Filling up the DagBag from /opt/airflow/dags/first_dag.py
[2025-01-04T17:00:25.050+0000] {processor.py:840} INFO - DAG(s) 'first_dag' retrieved from /opt/airflow/dags/first_dag.py
[2025-01-04T17:00:25.079+0000] {logging_mixin.py:188} INFO - [2025-01-04T17:00:25.079+0000] {dag.py:3096} INFO - Sync 1 DAGs
[2025-01-04T17:00:25.093+0000] {logging_mixin.py:188} INFO - [2025-01-04T17:00:25.093+0000] {dag.py:3954} INFO - Setting next_dagrun for first_dag to 2025-01-04 19:05:00+00:00, run_after=2025-01-05 19:05:00+00:00
[2025-01-04T17:00:25.101+0000] {processor.py:183} INFO - Processing /opt/airflow/dags/first_dag.py took 0.083 seconds
[2025-01-04T17:00:55.247+0000] {processor.py:161} INFO - Started process (PID=178) to work on /opt/airflow/dags/first_dag.py
[2025-01-04T17:00:55.248+0000] {processor.py:830} INFO - Processing file /opt/airflow/dags/first_dag.py for tasks to queue
[2025-01-04T17:00:55.252+0000] {logging_mixin.py:188} INFO - [2025-01-04T17:00:55.251+0000] {dagbag.py:545} INFO - Filling up the DagBag from /opt/airflow/dags/first_dag.py
[2025-01-04T17:00:55.270+0000] {processor.py:840} INFO - DAG(s) 'first_dag' retrieved from /opt/airflow/dags/first_dag.py
[2025-01-04T17:00:55.293+0000] {logging_mixin.py:188} INFO - [2025-01-04T17:00:55.293+0000] {dag.py:3096} INFO - Sync 1 DAGs
[2025-01-04T17:00:55.305+0000] {logging_mixin.py:188} INFO - [2025-01-04T17:00:55.305+0000] {dag.py:3954} INFO - Setting next_dagrun for first_dag to 2025-01-04 19:05:00+00:00, run_after=2025-01-05 19:05:00+00:00
[2025-01-04T17:00:55.312+0000] {processor.py:183} INFO - Processing /opt/airflow/dags/first_dag.py took 0.074 seconds
[2025-01-04T17:01:25.599+0000] {processor.py:161} INFO - Started process (PID=183) to work on /opt/airflow/dags/first_dag.py
[2025-01-04T17:01:25.600+0000] {processor.py:830} INFO - Processing file /opt/airflow/dags/first_dag.py for tasks to queue
[2025-01-04T17:01:25.602+0000] {logging_mixin.py:188} INFO - [2025-01-04T17:01:25.602+0000] {dagbag.py:545} INFO - Filling up the DagBag from /opt/airflow/dags/first_dag.py
[2025-01-04T17:01:25.614+0000] {processor.py:840} INFO - DAG(s) 'first_dag' retrieved from /opt/airflow/dags/first_dag.py
[2025-01-04T17:01:25.643+0000] {logging_mixin.py:188} INFO - [2025-01-04T17:01:25.643+0000] {dag.py:3096} INFO - Sync 1 DAGs
[2025-01-04T17:01:25.658+0000] {logging_mixin.py:188} INFO - [2025-01-04T17:01:25.657+0000] {dag.py:3954} INFO - Setting next_dagrun for first_dag to 2025-01-04 19:05:00+00:00, run_after=2025-01-05 19:05:00+00:00
[2025-01-04T17:01:25.666+0000] {processor.py:183} INFO - Processing /opt/airflow/dags/first_dag.py took 0.072 seconds
[2025-01-04T17:01:55.868+0000] {processor.py:161} INFO - Started process (PID=188) to work on /opt/airflow/dags/first_dag.py
[2025-01-04T17:01:55.869+0000] {processor.py:830} INFO - Processing file /opt/airflow/dags/first_dag.py for tasks to queue
[2025-01-04T17:01:55.871+0000] {logging_mixin.py:188} INFO - [2025-01-04T17:01:55.871+0000] {dagbag.py:545} INFO - Filling up the DagBag from /opt/airflow/dags/first_dag.py
[2025-01-04T17:01:55.885+0000] {processor.py:840} INFO - DAG(s) 'first_dag' retrieved from /opt/airflow/dags/first_dag.py
[2025-01-04T17:01:55.910+0000] {logging_mixin.py:188} INFO - [2025-01-04T17:01:55.910+0000] {dag.py:3096} INFO - Sync 1 DAGs
[2025-01-04T17:01:55.923+0000] {logging_mixin.py:188} INFO - [2025-01-04T17:01:55.923+0000] {dag.py:3954} INFO - Setting next_dagrun for first_dag to 2025-01-04 19:05:00+00:00, run_after=2025-01-05 19:05:00+00:00
[2025-01-04T17:01:55.931+0000] {processor.py:183} INFO - Processing /opt/airflow/dags/first_dag.py took 0.069 seconds
[2025-01-04T17:02:26.231+0000] {processor.py:161} INFO - Started process (PID=193) to work on /opt/airflow/dags/first_dag.py
[2025-01-04T17:02:26.232+0000] {processor.py:830} INFO - Processing file /opt/airflow/dags/first_dag.py for tasks to queue
[2025-01-04T17:02:26.234+0000] {logging_mixin.py:188} INFO - [2025-01-04T17:02:26.233+0000] {dagbag.py:545} INFO - Filling up the DagBag from /opt/airflow/dags/first_dag.py
[2025-01-04T17:02:26.245+0000] {processor.py:840} INFO - DAG(s) 'first_dag' retrieved from /opt/airflow/dags/first_dag.py
[2025-01-04T17:02:26.266+0000] {logging_mixin.py:188} INFO - [2025-01-04T17:02:26.266+0000] {dag.py:3096} INFO - Sync 1 DAGs
[2025-01-04T17:02:26.276+0000] {logging_mixin.py:188} INFO - [2025-01-04T17:02:26.276+0000] {dag.py:3954} INFO - Setting next_dagrun for first_dag to 2025-01-04 19:05:00+00:00, run_after=2025-01-05 19:05:00+00:00
[2025-01-04T17:02:26.283+0000] {processor.py:183} INFO - Processing /opt/airflow/dags/first_dag.py took 0.059 seconds
[2025-01-04T17:02:56.551+0000] {processor.py:161} INFO - Started process (PID=198) to work on /opt/airflow/dags/first_dag.py
[2025-01-04T17:02:56.552+0000] {processor.py:830} INFO - Processing file /opt/airflow/dags/first_dag.py for tasks to queue
[2025-01-04T17:02:56.554+0000] {logging_mixin.py:188} INFO - [2025-01-04T17:02:56.554+0000] {dagbag.py:545} INFO - Filling up the DagBag from /opt/airflow/dags/first_dag.py
[2025-01-04T17:02:56.567+0000] {processor.py:840} INFO - DAG(s) 'first_dag' retrieved from /opt/airflow/dags/first_dag.py
[2025-01-04T17:02:56.593+0000] {logging_mixin.py:188} INFO - [2025-01-04T17:02:56.593+0000] {dag.py:3096} INFO - Sync 1 DAGs
[2025-01-04T17:02:56.606+0000] {logging_mixin.py:188} INFO - [2025-01-04T17:02:56.605+0000] {dag.py:3954} INFO - Setting next_dagrun for first_dag to 2025-01-04 19:05:00+00:00, run_after=2025-01-05 19:05:00+00:00
[2025-01-04T17:02:56.613+0000] {processor.py:183} INFO - Processing /opt/airflow/dags/first_dag.py took 0.068 seconds
[2025-01-04T17:02:58.588+0000] {processor.py:161} INFO - Started process (PID=203) to work on /opt/airflow/dags/first_dag.py
[2025-01-04T17:02:58.590+0000] {processor.py:830} INFO - Processing file /opt/airflow/dags/first_dag.py for tasks to queue
[2025-01-04T17:02:58.591+0000] {logging_mixin.py:188} INFO - [2025-01-04T17:02:58.591+0000] {dagbag.py:545} INFO - Filling up the DagBag from /opt/airflow/dags/first_dag.py
[2025-01-04T17:02:58.606+0000] {processor.py:840} INFO - DAG(s) 'first_dag' retrieved from /opt/airflow/dags/first_dag.py
[2025-01-04T17:02:58.725+0000] {logging_mixin.py:188} INFO - [2025-01-04T17:02:58.725+0000] {dag.py:3096} INFO - Sync 1 DAGs
[2025-01-04T17:02:58.734+0000] {logging_mixin.py:188} INFO - [2025-01-04T17:02:58.734+0000] {dag.py:3954} INFO - Setting next_dagrun for first_dag to 2025-01-04 16:05:00+00:00, run_after=2025-01-05 16:05:00+00:00
[2025-01-04T17:02:58.742+0000] {processor.py:183} INFO - Processing /opt/airflow/dags/first_dag.py took 0.159 seconds
[2025-01-04T17:03:21.091+0000] {processor.py:161} INFO - Started process (PID=168) to work on /opt/airflow/dags/first_dag.py
[2025-01-04T17:03:21.094+0000] {processor.py:830} INFO - Processing file /opt/airflow/dags/first_dag.py for tasks to queue
[2025-01-04T17:03:21.096+0000] {logging_mixin.py:188} INFO - [2025-01-04T17:03:21.096+0000] {dagbag.py:545} INFO - Filling up the DagBag from /opt/airflow/dags/first_dag.py
[2025-01-04T17:03:21.110+0000] {processor.py:840} INFO - DAG(s) 'first_dag' retrieved from /opt/airflow/dags/first_dag.py
[2025-01-04T17:03:21.128+0000] {logging_mixin.py:188} INFO - [2025-01-04T17:03:21.128+0000] {dag.py:3096} INFO - Sync 1 DAGs
[2025-01-04T17:03:21.141+0000] {logging_mixin.py:188} INFO - [2025-01-04T17:03:21.140+0000] {dag.py:3954} INFO - Setting next_dagrun for first_dag to 2025-01-04 16:05:00+00:00, run_after=2025-01-05 16:05:00+00:00
[2025-01-04T17:03:21.150+0000] {processor.py:183} INFO - Processing /opt/airflow/dags/first_dag.py took 0.064 seconds
[2025-01-04T17:03:51.381+0000] {processor.py:161} INFO - Started process (PID=173) to work on /opt/airflow/dags/first_dag.py
[2025-01-04T17:03:51.381+0000] {processor.py:830} INFO - Processing file /opt/airflow/dags/first_dag.py for tasks to queue
[2025-01-04T17:03:51.384+0000] {logging_mixin.py:188} INFO - [2025-01-04T17:03:51.383+0000] {dagbag.py:545} INFO - Filling up the DagBag from /opt/airflow/dags/first_dag.py
[2025-01-04T17:03:51.400+0000] {processor.py:840} INFO - DAG(s) 'first_dag' retrieved from /opt/airflow/dags/first_dag.py
[2025-01-04T17:03:51.434+0000] {logging_mixin.py:188} INFO - [2025-01-04T17:03:51.434+0000] {dag.py:3096} INFO - Sync 1 DAGs
[2025-01-04T17:03:51.446+0000] {logging_mixin.py:188} INFO - [2025-01-04T17:03:51.446+0000] {dag.py:3954} INFO - Setting next_dagrun for first_dag to 2025-01-04 16:05:00+00:00, run_after=2025-01-05 16:05:00+00:00
[2025-01-04T17:03:51.454+0000] {processor.py:183} INFO - Processing /opt/airflow/dags/first_dag.py took 0.081 seconds
[2025-01-04T17:04:21.698+0000] {processor.py:161} INFO - Started process (PID=178) to work on /opt/airflow/dags/first_dag.py
[2025-01-04T17:04:21.700+0000] {processor.py:830} INFO - Processing file /opt/airflow/dags/first_dag.py for tasks to queue
[2025-01-04T17:04:21.705+0000] {logging_mixin.py:188} INFO - [2025-01-04T17:04:21.704+0000] {dagbag.py:545} INFO - Filling up the DagBag from /opt/airflow/dags/first_dag.py
[2025-01-04T17:04:21.733+0000] {processor.py:840} INFO - DAG(s) 'first_dag' retrieved from /opt/airflow/dags/first_dag.py
[2025-01-04T17:04:21.763+0000] {logging_mixin.py:188} INFO - [2025-01-04T17:04:21.763+0000] {dag.py:3096} INFO - Sync 1 DAGs
[2025-01-04T17:04:21.778+0000] {logging_mixin.py:188} INFO - [2025-01-04T17:04:21.778+0000] {dag.py:3954} INFO - Setting next_dagrun for first_dag to 2025-01-04 16:05:00+00:00, run_after=2025-01-05 16:05:00+00:00
[2025-01-04T17:04:21.791+0000] {processor.py:183} INFO - Processing /opt/airflow/dags/first_dag.py took 0.104 seconds
[2025-01-04T17:04:39.934+0000] {processor.py:161} INFO - Started process (PID=167) to work on /opt/airflow/dags/first_dag.py
[2025-01-04T17:04:39.937+0000] {processor.py:830} INFO - Processing file /opt/airflow/dags/first_dag.py for tasks to queue
[2025-01-04T17:04:39.938+0000] {logging_mixin.py:188} INFO - [2025-01-04T17:04:39.938+0000] {dagbag.py:545} INFO - Filling up the DagBag from /opt/airflow/dags/first_dag.py
[2025-01-04T17:04:39.950+0000] {processor.py:840} INFO - DAG(s) 'first_dag' retrieved from /opt/airflow/dags/first_dag.py
[2025-01-04T17:04:39.992+0000] {logging_mixin.py:188} INFO - [2025-01-04T17:04:39.992+0000] {dag.py:3096} INFO - Sync 1 DAGs
[2025-01-04T17:04:40.004+0000] {logging_mixin.py:188} INFO - [2025-01-04T17:04:40.004+0000] {dag.py:3954} INFO - Setting next_dagrun for first_dag to 2025-01-04 16:05:00+00:00, run_after=2025-01-05 16:05:00+00:00
[2025-01-04T17:04:40.013+0000] {processor.py:183} INFO - Processing /opt/airflow/dags/first_dag.py took 0.084 seconds
[2025-01-04T17:05:10.187+0000] {processor.py:161} INFO - Started process (PID=173) to work on /opt/airflow/dags/first_dag.py
[2025-01-04T17:05:10.188+0000] {processor.py:830} INFO - Processing file /opt/airflow/dags/first_dag.py for tasks to queue
[2025-01-04T17:05:10.191+0000] {logging_mixin.py:188} INFO - [2025-01-04T17:05:10.190+0000] {dagbag.py:545} INFO - Filling up the DagBag from /opt/airflow/dags/first_dag.py
[2025-01-04T17:05:10.206+0000] {processor.py:840} INFO - DAG(s) 'first_dag' retrieved from /opt/airflow/dags/first_dag.py
[2025-01-04T17:05:10.235+0000] {logging_mixin.py:188} INFO - [2025-01-04T17:05:10.235+0000] {dag.py:3096} INFO - Sync 1 DAGs
[2025-01-04T17:05:10.250+0000] {logging_mixin.py:188} INFO - [2025-01-04T17:05:10.250+0000] {dag.py:3954} INFO - Setting next_dagrun for first_dag to 2025-01-04 16:05:00+00:00, run_after=2025-01-05 16:05:00+00:00
[2025-01-04T17:05:10.259+0000] {processor.py:183} INFO - Processing /opt/airflow/dags/first_dag.py took 0.082 seconds
[2025-01-04T17:05:40.548+0000] {processor.py:161} INFO - Started process (PID=178) to work on /opt/airflow/dags/first_dag.py
[2025-01-04T17:05:40.550+0000] {processor.py:830} INFO - Processing file /opt/airflow/dags/first_dag.py for tasks to queue
[2025-01-04T17:05:40.560+0000] {logging_mixin.py:188} INFO - [2025-01-04T17:05:40.557+0000] {dagbag.py:545} INFO - Filling up the DagBag from /opt/airflow/dags/first_dag.py
[2025-01-04T17:05:40.582+0000] {processor.py:840} INFO - DAG(s) 'first_dag' retrieved from /opt/airflow/dags/first_dag.py
[2025-01-04T17:05:40.609+0000] {logging_mixin.py:188} INFO - [2025-01-04T17:05:40.609+0000] {dag.py:3096} INFO - Sync 1 DAGs
[2025-01-04T17:05:40.623+0000] {logging_mixin.py:188} INFO - [2025-01-04T17:05:40.623+0000] {dag.py:3954} INFO - Setting next_dagrun for first_dag to 2025-01-04 16:05:00+00:00, run_after=2025-01-05 16:05:00+00:00
[2025-01-04T17:05:40.635+0000] {processor.py:183} INFO - Processing /opt/airflow/dags/first_dag.py took 0.098 seconds
[2025-01-04T17:06:10.887+0000] {processor.py:161} INFO - Started process (PID=183) to work on /opt/airflow/dags/first_dag.py
[2025-01-04T17:06:10.888+0000] {processor.py:830} INFO - Processing file /opt/airflow/dags/first_dag.py for tasks to queue
[2025-01-04T17:06:10.892+0000] {logging_mixin.py:188} INFO - [2025-01-04T17:06:10.891+0000] {dagbag.py:545} INFO - Filling up the DagBag from /opt/airflow/dags/first_dag.py
[2025-01-04T17:06:10.910+0000] {processor.py:840} INFO - DAG(s) 'first_dag' retrieved from /opt/airflow/dags/first_dag.py
[2025-01-04T17:06:10.935+0000] {logging_mixin.py:188} INFO - [2025-01-04T17:06:10.935+0000] {dag.py:3096} INFO - Sync 1 DAGs
[2025-01-04T17:06:10.947+0000] {logging_mixin.py:188} INFO - [2025-01-04T17:06:10.947+0000] {dag.py:3954} INFO - Setting next_dagrun for first_dag to 2025-01-04 16:05:00+00:00, run_after=2025-01-05 16:05:00+00:00
[2025-01-04T17:06:10.955+0000] {processor.py:183} INFO - Processing /opt/airflow/dags/first_dag.py took 0.078 seconds
[2025-01-04T17:06:26.072+0000] {processor.py:161} INFO - Started process (PID=188) to work on /opt/airflow/dags/first_dag.py
[2025-01-04T17:06:26.073+0000] {processor.py:830} INFO - Processing file /opt/airflow/dags/first_dag.py for tasks to queue
[2025-01-04T17:06:26.075+0000] {logging_mixin.py:188} INFO - [2025-01-04T17:06:26.075+0000] {dagbag.py:545} INFO - Filling up the DagBag from /opt/airflow/dags/first_dag.py
[2025-01-04T17:06:26.089+0000] {processor.py:840} INFO - DAG(s) 'first_dag' retrieved from /opt/airflow/dags/first_dag.py
[2025-01-04T17:06:26.230+0000] {logging_mixin.py:188} INFO - [2025-01-04T17:06:26.230+0000] {dag.py:3096} INFO - Sync 1 DAGs
[2025-01-04T17:06:26.242+0000] {logging_mixin.py:188} INFO - [2025-01-04T17:06:26.242+0000] {dag.py:3954} INFO - Setting next_dagrun for first_dag to 2025-01-05 17:07:00+00:00, run_after=2025-01-06 17:07:00+00:00
[2025-01-04T17:06:26.252+0000] {processor.py:183} INFO - Processing /opt/airflow/dags/first_dag.py took 0.185 seconds
[2025-01-04T17:06:49.325+0000] {processor.py:161} INFO - Started process (PID=193) to work on /opt/airflow/dags/first_dag.py
[2025-01-04T17:06:49.326+0000] {processor.py:830} INFO - Processing file /opt/airflow/dags/first_dag.py for tasks to queue
[2025-01-04T17:06:49.328+0000] {logging_mixin.py:188} INFO - [2025-01-04T17:06:49.328+0000] {dagbag.py:545} INFO - Filling up the DagBag from /opt/airflow/dags/first_dag.py
[2025-01-04T17:06:49.341+0000] {processor.py:840} INFO - DAG(s) 'first_dag' retrieved from /opt/airflow/dags/first_dag.py
[2025-01-04T17:06:49.355+0000] {logging_mixin.py:188} INFO - [2025-01-04T17:06:49.355+0000] {dag.py:3096} INFO - Sync 1 DAGs
[2025-01-04T17:06:49.373+0000] {logging_mixin.py:188} INFO - [2025-01-04T17:06:49.373+0000] {dag.py:3954} INFO - Setting next_dagrun for first_dag to 2025-01-04 17:07:00+00:00, run_after=2025-01-05 17:07:00+00:00
[2025-01-04T17:06:49.385+0000] {processor.py:183} INFO - Processing /opt/airflow/dags/first_dag.py took 0.066 seconds
[2025-01-04T17:07:19.667+0000] {processor.py:161} INFO - Started process (PID=198) to work on /opt/airflow/dags/first_dag.py
[2025-01-04T17:07:19.668+0000] {processor.py:830} INFO - Processing file /opt/airflow/dags/first_dag.py for tasks to queue
[2025-01-04T17:07:19.672+0000] {logging_mixin.py:188} INFO - [2025-01-04T17:07:19.671+0000] {dagbag.py:545} INFO - Filling up the DagBag from /opt/airflow/dags/first_dag.py
[2025-01-04T17:07:19.702+0000] {processor.py:840} INFO - DAG(s) 'first_dag' retrieved from /opt/airflow/dags/first_dag.py
[2025-01-04T17:07:19.786+0000] {logging_mixin.py:188} INFO - [2025-01-04T17:07:19.786+0000] {dag.py:3096} INFO - Sync 1 DAGs
[2025-01-04T17:07:19.796+0000] {logging_mixin.py:188} INFO - [2025-01-04T17:07:19.796+0000] {dag.py:3954} INFO - Setting next_dagrun for first_dag to 2025-01-04 17:07:00+00:00, run_after=2025-01-05 17:07:00+00:00
[2025-01-04T17:07:19.805+0000] {processor.py:183} INFO - Processing /opt/airflow/dags/first_dag.py took 0.147 seconds
[2025-01-04T17:07:50.004+0000] {processor.py:161} INFO - Started process (PID=203) to work on /opt/airflow/dags/first_dag.py
[2025-01-04T17:07:50.005+0000] {processor.py:830} INFO - Processing file /opt/airflow/dags/first_dag.py for tasks to queue
[2025-01-04T17:07:50.008+0000] {logging_mixin.py:188} INFO - [2025-01-04T17:07:50.007+0000] {dagbag.py:545} INFO - Filling up the DagBag from /opt/airflow/dags/first_dag.py
[2025-01-04T17:07:50.022+0000] {processor.py:840} INFO - DAG(s) 'first_dag' retrieved from /opt/airflow/dags/first_dag.py
[2025-01-04T17:07:50.047+0000] {logging_mixin.py:188} INFO - [2025-01-04T17:07:50.047+0000] {dag.py:3096} INFO - Sync 1 DAGs
[2025-01-04T17:07:50.058+0000] {logging_mixin.py:188} INFO - [2025-01-04T17:07:50.058+0000] {dag.py:3954} INFO - Setting next_dagrun for first_dag to 2025-01-04 17:07:00+00:00, run_after=2025-01-05 17:07:00+00:00
[2025-01-04T17:07:50.066+0000] {processor.py:183} INFO - Processing /opt/airflow/dags/first_dag.py took 0.070 seconds
