[2025-01-05T20:41:08.586+0000] {local_task_job_runner.py:120} INFO - ::group::Pre task execution logs
[2025-01-05T20:41:08.598+0000] {taskinstance.py:2076} INFO - Dependencies all met for dep_context=non-requeueable deps ti=<TaskInstance: raw_banking_tinkoff.file_processing manual__2025-01-05T20:41:07.217393+00:00 [queued]>
[2025-01-05T20:41:08.601+0000] {taskinstance.py:2076} INFO - Dependencies all met for dep_context=requeueable deps ti=<TaskInstance: raw_banking_tinkoff.file_processing manual__2025-01-05T20:41:07.217393+00:00 [queued]>
[2025-01-05T20:41:08.601+0000] {taskinstance.py:2306} INFO - Starting attempt 1 of 2
[2025-01-05T20:41:08.606+0000] {taskinstance.py:2330} INFO - Executing <Task(PythonOperator): file_processing> on 2025-01-05 20:41:07.217393+00:00
[2025-01-05T20:41:08.610+0000] {standard_task_runner.py:90} INFO - Running: ['airflow', 'tasks', 'run', 'raw_banking_tinkoff', 'file_processing', 'manual__2025-01-05T20:41:07.217393+00:00', '--job-id', '32', '--raw', '--subdir', 'DAGS_FOLDER/raw_banking_tinkoff.py', '--cfg-path', '/tmp/tmpsyeadv04']
[2025-01-05T20:41:08.611+0000] {standard_task_runner.py:91} INFO - Job 32: Subtask file_processing
[2025-01-05T20:41:08.611+0000] {logging_mixin.py:188} WARNING - /home/airflow/.local/lib/python3.12/site-packages/airflow/task/task_runner/standard_task_runner.py:61 DeprecationWarning: This process (pid=552) is multi-threaded, use of fork() may lead to deadlocks in the child.
[2025-01-05T20:41:08.612+0000] {standard_task_runner.py:63} INFO - Started process 554 to run task
[2025-01-05T20:41:08.630+0000] {task_command.py:426} INFO - Running <TaskInstance: raw_banking_tinkoff.file_processing manual__2025-01-05T20:41:07.217393+00:00 [running]> on host 928815d407f9
[2025-01-05T20:41:08.663+0000] {taskinstance.py:2648} INFO - Exporting env vars: AIRFLOW_CTX_DAG_OWNER='nmashtakov' AIRFLOW_CTX_DAG_ID='raw_banking_tinkoff' AIRFLOW_CTX_TASK_ID='file_processing' AIRFLOW_CTX_EXECUTION_DATE='2025-01-05T20:41:07.217393+00:00' AIRFLOW_CTX_TRY_NUMBER='1' AIRFLOW_CTX_DAG_RUN_ID='manual__2025-01-05T20:41:07.217393+00:00'
[2025-01-05T20:41:08.663+0000] {taskinstance.py:430} INFO - ::endgroup::
[2025-01-05T20:41:08.808+0000] {python.py:237} INFO - Done. Returned value was:    Дата операции Дата проводки  ... Тип кэшбэка              load_dt
0     31.12.2024    31.12.2024  ...         NaN  2025-01-05T20:41:08
1     31.12.2024    31.12.2024  ...         NaN  2025-01-05T20:41:08
2     31.12.2024    31.12.2024  ...         NaN  2025-01-05T20:41:08
3     31.12.2024    31.12.2024  ...         NaN  2025-01-05T20:41:08
4     31.12.2024    02.01.2025  ...       Рубли  2025-01-05T20:41:08
..           ...           ...  ...         ...                  ...
69    04.12.2024    04.12.2024  ...         NaN  2025-01-05T20:41:08
70    03.12.2024    06.12.2024  ...         NaN  2025-01-05T20:41:08
71    03.12.2024    06.12.2024  ...         NaN  2025-01-05T20:41:08
72    03.12.2024    03.12.2024  ...         NaN  2025-01-05T20:41:08
73    03.12.2024    03.12.2024  ...         NaN  2025-01-05T20:41:08

[74 rows x 18 columns]
[2025-01-05T20:41:08.815+0000] {taskinstance.py:441} INFO - ::group::Post task execution logs
[2025-01-05T20:41:08.832+0000] {taskinstance.py:1206} INFO - Marking task as SUCCESS. dag_id=raw_banking_tinkoff, task_id=file_processing, run_id=manual__2025-01-05T20:41:07.217393+00:00, execution_date=20250105T204107, start_date=20250105T204108, end_date=20250105T204108
[2025-01-05T20:41:08.880+0000] {local_task_job_runner.py:240} INFO - Task exited with return code 0
[2025-01-05T20:41:08.888+0000] {taskinstance.py:3503} INFO - 0 downstream tasks scheduled from follow-on schedule check
[2025-01-05T20:41:08.889+0000] {local_task_job_runner.py:222} INFO - ::endgroup::
